Captured with https://github.com/sourceperl/modbus-serial-monitor.git

Register 342-346
DATE=2022-05-17T19:41:25.696;ERR=NO;FRAME=02-04-01-56-00-04-10-16;SLAVE=2

8 bytes
DATE=2022-05-17T19:41:25.719;ERR=NO;FRAME=02-04-08-43-24-e5-1f-42-96-87-2b-5f-22;SLAVE=2

Register 0-17
DATE=2022-05-17T19:41:25.796;ERR=NO;FRAME=02-04-00-00-00-12-70-34;SLAVE=2
36 bytes
DATE=2022-05-17T19:41:25.855;ERR=NO;FRAME=02-04-24-43-74-84-95-00-00-00-00-00-00-00-00-3f-af-77-47-00-00-00-00-00-00-00-00-43-6a-f8-e0-00-00-00-00-00-00-00-00-4c-3e;SLAVE=2

Register 18-35
DATE=2022-05-17T19:41:25.897;ERR=NO;FRAME=02-04-00-12-00-12-d0-31;SLAVE=2
36 bytes
DATE=2022-05-17T19:41:25.956;ERR=NO;FRAME=02-04-24-43-a7-98-90-00-00-00-00-00-00-00-00-c3-6f-0b-11-00-00-00-00-00-00-00-00-3f-33-75-43-00-00-00-00-00-00-00-00-bf-13;SLAVE=2

Register 0-17
DATE=2022-05-17T19:41:25.996;ERR=NO;FRAME=02-04-00-00-00-12-70-34;SLAVE=2
36 bytes
DATE=2022-05-17T19:41:26.055;ERR=NO;FRAME=02-04-24-43-74-84-95-00-00-00-00-00-00-00-00-3f-af-77-47-00-00-00-00-00-00-00-00-43-6a-f8-e0-00-00-00-00-00-00-00-00-4c-3e;SLAVE=2

Register 52-63
DATE=2022-05-17T19:41:26.097;ERR=NO;FRAME=02-04-00-34-00-0c-b1-f2;SLAVE=2
24 bytes
DATE=2022-05-17T19:41:26.136;ERR=NO;FRAME=02-04-18-00-00-00-00-00-00-00-00-00-00-00-00-00-00-00-00-00-00-00-00-00-00-00-00-83-4c;SLAVE=2

Register 0-17
DATE=2022-05-17T19:41:26.197;ERR=NO;FRAME=02-04-00-00-00-12-70-34;SLAVE=2
36 bytes
DATE=2022-05-17T19:41:26.256;ERR=NO;FRAME=02-04-24-43-74-84-95-00-00-00-00-00-00-00-00-3f-af-77-47-00-00-00-00-00-00-00-00-43-6a-f8-e0-00-00-00-00-00-00-00-00-4c-3e;SLAVE=2

Register 70-81
DATE=2022-05-17T19:41:26.297;ERR=NO;FRAME=02-04-00-46-00-0c-11-e9;SLAVE=2
24 bytes
DATE=2022-05-17T19:41:26.339;ERR=NO;FRAME=02-04-18-42-47-9c-32-43-04-2e-56-42-02-db-23-40-ef-8d-50-42-87-8e-56-00-00-00-00-af-ba;SLAVE=2


Register 0-17
DATE=2022-05-17T19:41:26.397;ERR=NO;FRAME=02-04-00-00-00-12-70-34;SLAVE=2
DATE=2022-05-17T19:41:26.455;ERR=NO;FRAME=02-04-24-43-74-84-95-00-00-00-00-00-00-00-00-3f-af-77-47-00-00-00-00-00-00-00-00-43-6a-f8-e0-00-00-00-00-00-00-00-00-4c-3e;SLAVE=2

Register 200-206
DATE=2022-05-17T19:41:26.496;ERR=NO;FRAME=02-04-00-c8-00-06-f1-c5;SLAVE=2
DATE=2022-05-17T19:41:26.522;ERR=NO;FRAME=02-04-0c-00-00-00-00-00-00-00-00-00-00-00-00-d6-b6;SLAVE=2

Register 0-17
DATE=2022-05-17T19:41:26.597;ERR=NO;FRAME=02-04-00-00-00-12-70-34;SLAVE=2
DATE=2022-05-17T19:41:26.655;ERR=NO;FRAME=02-04-24-43-74-a9-82-00-00-00-00-00-00-00-00-3f-ae-7a-82-00-00-00-00-00-00-00-00-43-68-be-ed-00-00-00-00-00-00-00-00-63-97;SLAVE=2

Regster 342-346
DATE=2022-05-17T19:41:26.697;ERR=NO;FRAME=02-04-01-56-00-04-10-16;SLAVE=2
DATE=2022-05-17T19:41:26.719;ERR=NO;FRAME=02-04-08-43-24-e5-1f-42-96-87-2b-5f-22;SLAVE=2


Register 0-17
DATE=2022-05-17T19:41:26.797;ERR=NO;FRAME=02-04-00-00-00-12-70-34;SLAVE=2
DATE=2022-05-17T19:41:26.855;ERR=NO;FRAME=02-04-24-43-74-a9-82-00-00-00-00-00-00-00-00-3f-ae-7a-82-00-00-00-00-00-00-00-00-43-68-be-ed-00-00-00-00-00-00-00-00-63-97;SLAVE=2


Register 18-35
DATE=2022-05-17T19:41:26.897;ERR=NO;FRAME=02-04-00-12-00-12-d0-31;SLAVE=2
DATE=2022-05-17T19:41:26.956;ERR=NO;FRAME=02-04-24-43-a6-c0-4c-00-00-00-00-00-00-00-00-c3-6e-db-aa-00-00-00-00-00-00-00-00-3f-32-a8-82-00-00-00-00-00-00-00-00-51-35;SLAVE=2


Register 0-17
DATE=2022-05-17T19:41:26.997;ERR=NO;FRAME=02-04-00-00-00-12-70-34;SLAVE=2
DATE=2022-05-17T19:41:27.054;ERR=NO;FRAME=02-04-24-43-74-a9-82-00-00-00-00-00-00-00-00-3f-ae-7a-82-00-00-00-00-00-00-00-00-43-68-be-ed-00-00-00-00-00-00-00-00-63-97;SLAVE=2

Register 52-63
DATE=2022-05-17T19:41:27.097;ERR=NO;FRAME=02-04-00-34-00-0c-b1-f2;SLAVE=2
DATE=2022-05-17T19:41:27.136;ERR=NO;FRAME=02-04-18-00-00-00-00-00-00-00-00-00-00-00-00-00-00-00-00-00-00-00-00-00-00-00-00-83-4c;SLAVE=2

Register 0-17
DATE=2022-05-17T19:41:27.197;ERR=NO;FRAME=02-04-00-00-00-12-70-34;SLAVE=2
DATE=2022-05-17T19:41:27.255;ERR=NO;FRAME=02-04-24-43-74-a9-82-00-00-00-00-00-00-00-00-3f-ae-7a-82-00-00-00-00-00-00-00-00-43-68-be-ed-00-00-00-00-00-00-00-00-63-97;SLAVE=2


Register 70-81
DATE=2022-05-17T19:41:27.297;ERR=NO;FRAME=02-04-00-46-00-0c-11-e9;SLAVE=2
DATE=2022-05-17T19:41:27.339;ERR=NO;FRAME=02-04-18-42-47-9c-32-43-04-2e-56-42-02-db-23-40-ef-8d-50-42-87-8e-56-00-00-00-00-af-ba;SLAVE=2


Register 0-17
DATE=2022-05-17T19:41:27.397;ERR=NO;FRAME=02-04-00-00-00-12-70-34;SLAVE=2
DATE=2022-05-17T19:41:27.455;ERR=NO;FRAME=02-04-24-43-74-a9-82-00-00-00-00-00-00-00-00-3f-ae-7a-82-00-00-00-00-00-00-00-00-43-68-be-ed-00-00-00-00-00-00-00-00-63-97;SLAVE=2
DATE=2022-05-17T19:41:27.497;ERR=NO;FRAME=02-04-00-c8-00-06-f1-c5;SLAVE=2
DATE=2022-05-17T19:41:27.522;ERR=NO;FRAME=02-04-0c-00-00-00-00-00-00-00-00-00-00-00-00-d6-b6;SLAVE=2
DATE=2022-05-17T19:41:27.597;ERR=NO;FRAME=02-04-00-00-00-12-70-34;SLAVE=2
DATE=2022-05-17T19:41:27.655;ERR=NO;FRAME=02-04-24-43-74-a9-82-00-00-00-00-00-00-00-00-3f-ae-7a-82-00-00-00-00-00-00-00-00-43-68-be-ed-00-00-00-00-00-00-00-00-63-97;SLAVE=2
DATE=2022-05-17T19:41:27.696;ERR=NO;FRAME=02-04-01-56-00-04-10-16;SLAVE=2
DATE=2022-05-17T19:41:27.719;ERR=NO;FRAME=02-04-08-43-24-e5-1f-42-96-87-2b-5f-22;SLAVE=2
DATE=2022-05-17T19:41:27.797;ERR=NO;FRAME=02-04-00-00-00-12-70-34;SLAVE=2
DATE=2022-05-17T19:41:27.855;ERR=NO;FRAME=02-04-24-43-74-a8-05-00-00-00-00-00-00-00-00-3f-ac-e8-70-00-00-00-00-00-00-00-00-43-63-ae-ac-00-00-00-00-00-00-00-00-1a-77;SLAVE=2
DATE=2022-05-17T19:41:27.897;ERR=NO;FRAME=02-04-00-12-00-12-d0-31;SLAVE=2
DATE=2022-05-17T19:41:27.955;ERR=NO;FRAME=02-04-24-43-a5-3f-06-00-00-00-00-00-00-00-00-c3-6f-8d-bc-00-00-00-00-00-00-00-00-3f-30-5c-f8-00-00-00-00-00-00-00-00-e5-42;SLAVE=2
DATE=2022-05-17T19:41:27.997;ERR=NO;FRAME=02-04-00-00-00-12-70-34;SLAVE=2
DATE=2022-05-17T19:41:28.054;ERR=NO;FRAME=02-04-24-43-74-a8-05-00-00-00-00-00-00-00-00-3f-ac-e8-70-00-00-00-00-00-00-00-00-43-63-ae-ac-00-00-00-00-00-00-00-00-1a-77;SLAVE=2
DATE=2022-05-17T19:41:28.097;ERR=NO;FRAME=02-04-00-34-00-0c-b1-f2;SLAVE=2
DATE=2022-05-17T19:41:28.136;ERR=NO;FRAME=02-04-18-00-00-00-00-00-00-00-00-00-00-00-00-00-00-00-00-00-00-00-00-00-00-00-00-83-4c;SLAVE=2
DATE=2022-05-17T19:41:28.197;ERR=NO;FRAME=02-04-00-00-00-12-70-34;SLAVE=2
DATE=2022-05-17T19:41:28.254;ERR=NO;FRAME=02-04-24-43-74-a8-05-00-00-00-00-00-00-00-00-3f-ac-e8-70-00-00-00-00-00-00-00-00-43-63-ae-ac-00-00-00-00-00-00-00-00-1a-77;SLAVE=2
DATE=2022-05-17T19:41:28.297;ERR=NO;FRAME=02-04-00-46-00-0c-11-e9;SLAVE=2
DATE=2022-05-17T19:41:28.339;ERR=NO;FRAME=02-04-18-42-47-ce-0c-43-04-2e-56-42-02-db-23-40-ef-8d-50-42-87-8e-56-00-00-00-00-83-87;SLAVE=2
DATE=2022-05-17T19:41:28.397;ERR=NO;FRAME=02-04-00-00-00-12-70-34;SLAVE=2
DATE=2022-05-17T19:41:28.456;ERR=NO;FRAME=02-04-24-43-74-a8-05-00-00-00-00-00-00-00-00-3f-ac-e8-70-00-00-00-00-00-00-00-00-43-63-ae-ac-00-00-00-00-00-00-00-00-1a-77;SLAVE=2
DATE=2022-05-17T19:41:28.497;ERR=NO;FRAME=02-04-00-c8-00-06-f1-c5;SLAVE=2
DATE=2022-05-17T19:41:28.522;ERR=NO;FRAME=02-04-0c-00-00-00-00-00-00-00-00-00-00-00-00-d6-b6;SLAVE=2
DATE=2022-05-17T19:41:28.597;ERR=NO;FRAME=02-04-00-00-00-12-70-34;SLAVE=2
DATE=2022-05-17T19:41:28.654;ERR=NO;FRAME=02-04-24-43-74-a8-05-00-00-00-00-00-00-00-00-3f-ac-e8-70-00-00-00-00-00-00-00-00-43-63-ae-ac-00-00-00-00-00-00-00-00-1a-77;SLAVE=2
DATE=2022-05-17T19:41:28.696;ERR=NO;FRAME=02-04-01-56-00-04-10-16;SLAVE=2
DATE=2022-05-17T19:41:28.719;ERR=NO;FRAME=02-04-08-43-24-e5-1f-42-96-87-2b-5f-22;SLAVE=2
DATE=2022-05-17T19:41:28.796;ERR=NO;FRAME=02-04-00-00-00-12-70-34;SLAVE=2
DATE=2022-05-17T19:41:28.856;ERR=NO;FRAME=02-04-24-43-74-a8-05-00-00-00-00-00-00-00-00-3f-ac-e8-70-00-00-00-00-00-00-00-00-43-63-ae-ac-00-00-00-00-00-00-00-00-1a-77;SLAVE=2
DATE=2022-05-17T19:41:28.897;ERR=NO;FRAME=02-04-00-12-00-12-d0-31;SLAVE=2
DATE=2022-05-17T19:41:28.956;ERR=NO;FRAME=02-04-24-43-a5-3f-06-00-00-00-00-00-00-00-00-c3-6f-8d-bc-00-00-00-00-00-00-00-00-3f-30-5c-f8-00-00-00-00-00-00-00-00-e5-42;SLAVE=2
DATE=2022-05-17T19:41:28.997;ERR=NO;FRAME=02-04-00-00-00-12-70-34;SLAVE=2
DATE=2022-05-17T19:41:29.054;ERR=NO;FRAME=02-04-24-43-74-d1-2a-00-00-00-00-00-00-00-00-3f-aa-17-71-00-00-00-00-00-00-00-00-43-64-0a-5a-00-00-00-00-00-00-00-00-65-5a;SLAVE=2
DATE=2022-05-17T19:41:29.096;ERR=NO;FRAME=02-04-00-34-00-0c-b1-f2;SLAVE=2
DATE=2022-05-17T19:41:29.137;ERR=NO;FRAME=02-04-18-00-00-00-00-00-00-00-00-00-00-00-00-00-00-00-00-00-00-00-00-00-00-00-00-83-4c;SLAVE=2
DATE=2022-05-17T19:41:29.197;ERR=NO;FRAME=02-04-00-00-00-12-70-34;SLAVE=2
DATE=2022-05-17T19:41:29.255;ERR=NO;FRAME=02-04-24-43-74-d1-2a-00-00-00-00-00-00-00-00-3f-aa-17-71-00-00-00-00-00-00-00-00-43-64-0a-5a-00-00-00-00-00-00-00-00-65-5a;SLAVE=2
DATE=2022-05-17T19:41:29.297;ERR=NO;FRAME=02-04-00-46-00-0c-11-e9;SLAVE=2
DATE=2022-05-17T19:41:29.338;ERR=NO;FRAME=02-04-18-42-47-ce-0c-43-04-2e-56-42-02-db-23-40-ef-8d-50-42-87-8e-56-00-00-00-00-83-87;SLAVE=2
DATE=2022-05-17T19:41:29.397;ERR=NO;FRAME=02-04-00-00-00-12-70-34;SLAVE=2
DATE=2022-05-17T19:41:29.455;ERR=NO;FRAME=02-04-24-43-74-d1-2a-00-00-00-00-00-00-00-00-3f-aa-17-71-00-00-00-00-00-00-00-00-43-64-0a-5a-00-00-00-00-00-00-00-00-65-5a;SLAVE=2
DATE=2022-05-17T19:41:29.497;ERR=NO;FRAME=02-04-00-c8-00-06-f1-c5;SLAVE=2
DATE=2022-05-17T19:41:29.523;ERR=NO;FRAME=02-04-0c-00-00-00-00-00-00-00-00-00-00-00-00-d6-b6;SLAVE=2
DATE=2022-05-17T19:41:29.597;ERR=NO;FRAME=02-04-00-00-00-12-70-34;SLAVE=2
DATE=2022-05-17T19:41:29.655;ERR=NO;FRAME=02-04-24-43-74-d1-2a-00-00-00-00-00-00-00-00-3f-aa-17-71-00-00-00-00-00-00-00-00-43-64-0a-5a-00-00-00-00-00-00-00-00-65-5a;SLAVE=2
DATE=2022-05-17T19:41:29.697;ERR=NO;FRAME=02-04-01-56-00-04-10-16;SLAVE=2
DATE=2022-05-17T19:41:29.719;ERR=NO;FRAME=02-04-08-43-24-e5-1f-42-96-87-2b-5f-22;SLAVE=2
DATE=2022-05-17T19:41:29.797;ERR=NO;FRAME=02-04-00-00-00-12-70-34;SLAVE=2
DATE=2022-05-17T19:41:29.855;ERR=NO;FRAME=02-04-24-43-74-d1-2a-00-00-00-00-00-00-00-00-3f-aa-17-71-00-00-00-00-00-00-00-00-43-64-0a-5a-00-00-00-00-00-00-00-00-65-5a;SLAVE=2
DATE=2022-05-17T19:41:29.897;ERR=NO;FRAME=02-04-00-12-00-12-d0-31;SLAVE=2
DATE=2022-05-17T19:41:29.956;ERR=NO;FRAME=02-04-24-43-a2-a9-52-00-00-00-00-00-00-00-00-c3-68-04-ac-00-00-00-00-00-00-00-00-3f-33-72-8d-00-00-00-00-00-00-00-00-f6-2c;SLAVE=2
DATE=2022-05-17T19:41:29.997;ERR=NO;FRAME=02-04-00-00-00-12-70-34;SLAVE=2
DATE=2022-05-17T19:41:30.054;ERR=NO;FRAME=02-04-24-43-74-d1-2a-00-00-00-00-00-00-00-00-3f-aa-17-71-00-00-00-00-00-00-00-00-43-64-0a-5a-00-00-00-00-00-00-00-00-65-5a;SLAVE=2
DATE=2022-05-17T19:41:30.097;ERR=NO;FRAME=02-04-00-34-00-0c-b1-f2;SLAVE=2
DATE=2022-05-17T19:41:30.136;ERR=NO;FRAME=02-04-18-00-00-00-00-00-00-00-00-00-00-00-00-00-00-00-00-00-00-00-00-00-00-00-00-83-4c;SLAVE=2
DATE=2022-05-17T19:41:30.197;ERR=NO;FRAME=02-04-00-00-00-12-70-34;SLAVE=2
DATE=2022-05-17T19:41:30.254;ERR=NO;FRAME=02-04-24-43-74-d1-2a-00-00-00-00-00-00-00-00-3f-aa-17-71-00-00-00-00-00-00-00-00-43-64-0a-5a-00-00-00-00-00-00-00-00-65-5a;SLAVE=2
DATE=2022-05-17T19:41:30.296;ERR=NO;FRAME=02-04-00-46-00-0c-11-e9;SLAVE=2
DATE=2022-05-17T19:41:30.338;ERR=NO;FRAME=02-04-18-42-47-9c-32-43-04-2e-98-42-02-db-23-40-ef-8d-50-42-87-8e-56-00-00-00-00-9b-e5;SLAVE=2
DATE=2022-05-17T19:41:30.397;ERR=NO;FRAME=02-04-00-00-00-12-70-34;SLAVE=2
DATE=2022-05-17T19:41:30.455;ERR=NO;FRAME=02-04-24-43-74-ad-ae-00-00-00-00-00-00-00-00-3f-ad-4f-5b-00-00-00-00-00-00-00-00-43-69-8c-89-00-00-00-00-00-00-00-00-a4-ee;SLAVE=2
DATE=2022-05-17T19:41:30.497;ERR=NO;FRAME=02-04-00-c8-00-06-f1-c5;SLAVE=2
DATE=2022-05-17T19:41:30.523;ERR=NO;FRAME=02-04-0c-00-00-00-00-00-00-00-00-00-00-00-00-d6-b6;SLAVE=2
DATE=2022-05-17T19:41:30.596;ERR=NO;FRAME=02-04-00-00-00-12-70-34;SLAVE=2
DATE=2022-05-17T19:41:30.655;ERR=NO;FRAME=02-04-24-43-74-ad-ae-00-00-00-00-00-00-00-00-3f-ad-4f-5b-00-00-00-00-00-00-00-00-43-69-8c-89-00-00-00-00-00-00-00-00-a4-ee;SLAVE=2
DATE=2022-05-17T19:41:30.697;ERR=NO;FRAME=02-04-01-56-00-04-10-16;SLAVE=2
DATE=2022-05-17T19:41:30.718;ERR=NO;FRAME=02-04-08-43-24-e5-60-42-96-87-2b-4a-e8;SLAVE=2
DATE=2022-05-17T19:41:30.796;ERR=NO;FRAME=02-04-00-00-00-12-70-34;SLAVE=2
DATE=2022-05-17T19:41:30.856;ERR=NO;FRAME=02-04-24-43-74-ad-ae-00-00-00-00-00-00-00-00-3f-ad-4f-5b-00-00-00-00-00-00-00-00-43-69-8c-89-00-00-00-00-00-00-00-00-a4-ee;SLAVE=2
DATE=2022-05-17T19:41:30.897;ERR=NO;FRAME=02-04-00-12-00-12-d0-31;SLAVE=2
DATE=2022-05-17T19:41:30.960;ERR=NO;FRAME=02-04-24-43-a5-a5-36-00-00-00-00-00-00-00-00-c3-6a-f6-f6-00-00-00-00-00-00-00-00-3f-34-78-b7-00-00-00-00-00-00-00-00-25-46;SLAVE=2
DATE=2022-05-17T19:41:30.996;ERR=NO;FRAME=02-04-00-00-00-12-70-34;SLAVE=2
DATE=2022-05-17T19:41:31.055;ERR=NO;FRAME=02-04-24-43-74-ad-ae-00-00-00-00-00-00-00-00-3f-ad-4f-5b-00-00-00-00-00-00-00-00-43-69-8c-89-00-00-00-00-00-00-00-00-a4-ee;SLAVE=2
DATE=2022-05-17T19:41:31.097;ERR=NO;FRAME=02-04-00-34-00-0c-b1-f2;SLAVE=2
DATE=2022-05-17T19:41:31.137;ERR=NO;FRAME=02-04-18-00-00-00-00-00-00-00-00-00-00-00-00-00-00-00-00-00-00-00-00-00-00-00-00-83-4c;SLAVE=2
DATE=2022-05-17T19:41:31.196;ERR=NO;FRAME=02-04-00-00-00-12-70-34;SLAVE=2
DATE=2022-05-17T19:41:31.255;ERR=NO;FRAME=02-04-24-43-74-ad-ae-00-00-00-00-00-00-00-00-3f-ad-4f-5b-00-00-00-00-00-00-00-00-43-69-8c-89-00-00-00-00-00-00-00-00-a4-ee;SLAVE=2
DATE=2022-05-17T19:41:31.297;ERR=NO;FRAME=02-04-00-46-00-0c-11-e9;SLAVE=2
DATE=2022-05-17T19:41:31.339;ERR=NO;FRAME=02-04-18-42-47-ce-0c-43-04-2e-98-42-02-db-23-40-ef-8d-50-42-87-8e-56-00-00-00-00-b7-d8;SLAVE=2
DATE=2022-05-17T19:41:31.396;ERR=NO;FRAME=02-04-00-00-00-12-70-34;SLAVE=2
DATE=2022-05-17T19:41:31.461;ERR=NO;FRAME=02-04-24-43-74-ad-ae-00-00-00-00-00-00-00-00-3f-ad-4f-5b-00-00-00-00-00-00-00-00-43-69-8c-89-00-00-00-00-00-00-00-00-a4-ee;SLAVE=2
DATE=2022-05-17T19:41:31.497;ERR=NO;FRAME=02-04-00-c8-00-06-f1-c5;SLAVE=2
DATE=2022-05-17T19:41:31.523;ERR=NO;FRAME=02-04-0c-00-00-00-00-00-00-00-00-00-00-00-00-d6-b6;SLAVE=2
DATE=2022-05-17T19:41:31.597;ERR=NO;FRAME=02-04-00-00-00-12-70-34;SLAVE=2
DATE=2022-05-17T19:41:31.654;ERR=NO;FRAME=02-04-24-43-74-92-cb-00-00-00-00-00-00-00-00-3f-ad-87-80-00-00-00-00-00-00-00-00-43-65-c5-c2-00-00-00-00-00-00-00-00-62-a6;SLAVE=2
DATE=2022-05-17T19:41:31.697;ERR=NO;FRAME=02-04-01-56-00-04-10-16;SLAVE=2
DATE=2022-05-17T19:41:31.719;ERR=NO;FRAME=02-04-08-43-24-e5-60-42-96-87-2b-4a-e8;SLAVE=2
DATE=2022-05-17T19:41:31.796;ERR=NO;FRAME=02-04-00-00-00-12-70-34;SLAVE=2
DATE=2022-05-17T19:41:31.855;ERR=NO;FRAME=02-04-24-43-74-92-cb-00-00-00-00-00-00-00-00-3f-ad-87-80-00-00-00-00-00-00-00-00-43-65-c5-c2-00-00-00-00-00-00-00-00-62-a6;SLAVE=2
DATE=2022-05-17T19:41:31.897;ERR=NO;FRAME=02-04-00-12-00-12-d0-31;SLAVE=2
DATE=2022-05-17T19:41:31.955;ERR=NO;FRAME=02-04-24-43-a5-c8-a8-00-00-00-00-00-00-00-00-c3-6f-0b-11-00-00-00-00-00-00-00-00-3f-31-67-b0-00-00-00-00-00-00-00-00-63-58;SLAVE=2
DATE=2022-05-17T19:41:31.996;ERR=NO;FRAME=02-04-00-00-00-12-70-34;SLAVE=2
DATE=2022-05-17T19:41:32.055;ERR=NO;FRAME=02-04-24-43-74-92-cb-00-00-00-00-00-00-00-00-3f-ad-87-80-00-00-00-00-00-00-00-00-43-65-c5-c2-00-00-00-00-00-00-00-00-62-a6;SLAVE=2
DATE=2022-05-17T19:41:32.097;ERR=NO;FRAME=02-04-00-34-00-0c-b1-f2;SLAVE=2
DATE=2022-05-17T19:41:32.135;ERR=NO;FRAME=02-04-18-00-00-00-00-00-00-00-00-00-00-00-00-00-00-00-00-00-00-00-00-00-00-00-00-83-4c;SLAVE=2
DATE=2022-05-17T19:41:32.196;ERR=NO;FRAME=02-04-00-00-00-12-70-34;SLAVE=2
DATE=2022-05-17T19:41:32.255;ERR=NO;FRAME=02-04-24-43-74-92-cb-00-00-00-00-00-00-00-00-3f-ad-87-80-00-00-00-00-00-00-00-00-43-65-c5-c2-00-00-00-00-00-00-00-00-62-a6;SLAVE=2
DATE=2022-05-17T19:41:32.297;ERR=NO;FRAME=02-04-00-46-00-0c-11-e9;SLAVE=2
DATE=2022-05-17T19:41:32.339;ERR=NO;FRAME=02-04-18-42-47-ce-0c-43-04-2e-98-42-02-db-23-40-ef-8d-50-42-87-8e-56-00-00-00-00-b7-d8;SLAVE=2
DATE=2022-05-17T19:41:32.397;ERR=NO;FRAME=02-04-00-00-00-12-70-34;SLAVE=2
DATE=2022-05-17T19:41:32.455;ERR=NO;FRAME=02-04-24-43-74-92-cb-00-00-00-00-00-00-00-00-3f-ad-87-80-00-00-00-00-00-00-00-00-43-65-c5-c2-00-00-00-00-00-00-00-00-62-a6;SLAVE=2
DATE=2022-05-17T19:41:32.497;ERR=NO;FRAME=02-04-00-c8-00-06-f1-c5;SLAVE=2
DATE=2022-05-17T19:41:32.522;ERR=NO;FRAME=02-04-0c-00-00-00-00-00-00-00-00-00-00-00-00-d6-b6;SLAVE=2
DATE=2022-05-17T19:41:32.597;ERR=NO;FRAME=02-04-00-00-00-12-70-34;SLAVE=2
DATE=2022-05-17T19:41:32.656;ERR=NO;FRAME=02-04-24-43-74-92-cb-00-00-00-00-00-00-00-00-3f-ad-87-80-00-00-00-00-00-00-00-00-43-65-c5-c2-00-00-00-00-00-00-00-00-62-a6;SLAVE=2
DATE=2022-05-17T19:41:32.697;ERR=NO;FRAME=02-04-01-56-00-04-10-16;SLAVE=2
DATE=2022-05-17T19:41:32.719;ERR=NO;FRAME=02-04-08-43-24-e5-60-42-96-87-2b-4a-e8;SLAVE=2
DATE=2022-05-17T19:41:32.796;ERR=NO;FRAME=02-04-00-00-00-12-70-34;SLAVE=2
DATE=2022-05-17T19:41:32.855;ERR=NO;FRAME=02-04-24-43-74-92-cb-00-00-00-00-00-00-00-00-3f-ad-87-80-00-00-00-00-00-00-00-00-43-65-c5-c2-00-00-00-00-00-00-00-00-62-a6;SLAVE=2
DATE=2022-05-17T19:41:32.897;ERR=NO;FRAME=02-04-00-12-00-12-d0-31;SLAVE=2
DATE=2022-05-17T19:41:32.957;ERR=NO;FRAME=02-04-24-43-a3-11-8e-00-00-00-00-00-00-00-00-c3-6a-66-f4-00-00-00-00-00-00-00-00-3f-31-fe-f9-00-00-00-00-00-00-00-00-e6-23;SLAVE=2
DATE=2022-05-17T19:41:32.996;ERR=NO;FRAME=02-04-00-00-00-12-70-34;SLAVE=2
DATE=2022-05-17T19:41:33.055;ERR=NO;FRAME=02-04-24-43-74-a7-ee-00-00-00-00-00-00-00-00-3f-aa-a1-2d-00-00-00-00-00-00-00-00-43-62-c3-19-00-00-00-00-00-00-00-00-e7-0c;SLAVE=2
DATE=2022-05-17T19:41:33.097;ERR=NO;FRAME=02-04-00-34-00-0c-b1-f2;SLAVE=2
DATE=2022-05-17T19:41:33.136;ERR=NO;FRAME=02-04-18-00-00-00-00-00-00-00-00-00-00-00-00-00-00-00-00-00-00-00-00-00-00-00-00-83-4c;SLAVE=2
DATE=2022-05-17T19:41:33.197;ERR=NO;FRAME=02-04-00-00-00-12-70-34;SLAVE=2
DATE=2022-05-17T19:41:33.254;ERR=NO;FRAME=02-04-24-43-74-a7-ee-00-00-00-00-00-00-00-00-3f-aa-a1-2d-00-00-00-00-00-00-00-00-43-62-c3-19-00-00-00-00-00-00-00-00-e7-0c;SLAVE=2
DATE=2022-05-17T19:41:33.296;ERR=NO;FRAME=02-04-00-46-00-0c-11-e9;SLAVE=2
DATE=2022-05-17T19:41:33.339;ERR=NO;FRAME=02-04-18-42-47-ce-0c-43-04-2e-98-42-02-db-23-40-ef-8d-50-42-87-8e-56-00-00-00-00-b7-d8;SLAVE=2
DATE=2022-05-17T19:41:33.397;ERR=NO;FRAME=02-04-00-00-00-12-70-34;SLAVE=2
DATE=2022-05-17T19:41:33.456;ERR=NO;FRAME=02-04-24-43-74-a7-ee-00-00-00-00-00-00-00-00-3f-aa-a1-2d-00-00-00-00-00-00-00-00-43-62-c3-19-00-00-00-00-00-00-00-00-e7-0c;SLAVE=2
DATE=2022-05-17T19:41:33.496;ERR=NO;FRAME=02-04-00-c8-00-06-f1-c5;SLAVE=2
DATE=2022-05-17T19:41:33.523;ERR=NO;FRAME=02-04-0c-00-00-00-00-00-00-00-00-00-00-00-00-d6-b6;SLAVE=2
DATE=2022-05-17T19:41:33.597;ERR=NO;FRAME=02-04-00-00-00-12-70-34;SLAVE=2
DATE=2022-05-17T19:41:33.655;ERR=NO;FRAME=02-04-24-43-74-a7-ee-00-00-00-00-00-00-00-00-3f-aa-a1-2d-00-00-00-00-00-00-00-00-43-62-c3-19-00-00-00-00-00-00-00-00-e7-0c;SLAVE=2
DATE=2022-05-17T19:41:33.697;ERR=NO;FRAME=02-04-01-56-00-04-10-16;SLAVE=2
DATE=2022-05-17T19:41:33.719;ERR=NO;FRAME=02-04-08-43-24-e5-60-42-96-87-2b-4a-e8;SLAVE=2
DATE=2022-05-17T19:41:33.797;ERR=NO;FRAME=02-04-00-00-00-12-70-34;SLAVE=2
DATE=2022-05-17T19:41:33.855;ERR=NO;FRAME=02-04-24-43-74-a7-ee-00-00-00-00-00-00-00-00-3f-aa-a1-2d-00-00-00-00-00-00-00-00-43-62-c3-19-00-00-00-00-00-00-00-00-e7-0c;SLAVE=2
DATE=2022-05-17T19:41:33.896;ERR=NO;FRAME=02-04-00-12-00-12-d0-31;SLAVE=2
DATE=2022-05-17T19:41:33.956;ERR=NO;FRAME=02-04-24-43-a3-11-8e-00-00-00-00-00-00-00-00-c3-6a-66-f4-00-00-00-00-00-00-00-00-3f-31-fe-f9-00-00-00-00-00-00-00-00-e6-23;SLAVE=2
DATE=2022-05-17T19:41:33.997;ERR=NO;FRAME=02-04-00-00-00-12-70-34;SLAVE=2
DATE=2022-05-17T19:41:34.054;ERR=NO;FRAME=02-04-24-43-74-a7-ee-00-00-00-00-00-00-00-00-3f-aa-a1-2d-00-00-00-00-00-00-00-00-43-62-c3-19-00-00-00-00-00-00-00-00-e7-0c;SLAVE=2
DATE=2022-05-17T19:41:34.096;ERR=NO;FRAME=02-04-00-34-00-0c-b1-f2;SLAVE=2
DATE=2022-05-17T19:41:34.136;ERR=NO;FRAME=02-04-18-00-00-00-00-00-00-00-00-00-00-00-00-00-00-00-00-00-00-00-00-00-00-00-00-83-4c;SLAVE=2
DATE=2022-05-17T19:41:34.196;ERR=NO;FRAME=02-04-00-00-00-12-70-34;SLAVE=2
DATE=2022-05-17T19:41:34.255;ERR=NO;FRAME=02-04-24-43-74-79-1d-00-00-00-00-00-00-00-00-3f-b0-6f-28-00-00-00-00-00-00-00-00-43-6c-be-5f-00-00-00-00-00-00-00-00-43-b0;SLAVE=2
DATE=2022-05-17T19:41:34.297;ERR=NO;FRAME=02-04-00-46-00-0c-11-e9;SLAVE=2
DATE=2022-05-17T19:41:34.339;ERR=NO;FRAME=02-04-18-42-47-ce-0c-43-04-2e-98-42-02-db-23-40-ef-8d-50-42-87-8e-56-00-00-00-00-b7-d8;SLAVE=2
DATE=2022-05-17T19:41:34.397;ERR=NO;FRAME=02-04-00-00-00-12-70-34;SLAVE=2
DATE=2022-05-17T19:41:34.456;ERR=NO;FRAME=02-04-24-43-74-79-1d-00-00-00-00-00-00-00-00-3f-b0-6f-28-00-00-00-00-00-00-00-00-43-6c-be-5f-00-00-00-00-00-00-00-00-43-b0;SLAVE=2
DATE=2022-05-17T19:41:34.497;ERR=NO;FRAME=02-04-00-c8-00-06-f1-c5;SLAVE=2
DATE=2022-05-17T19:41:34.523;ERR=NO;FRAME=02-04-0c-00-00-00-00-00-00-00-00-00-00-00-00-d6-b6;SLAVE=2
DATE=2022-05-17T19:41:34.597;ERR=NO;FRAME=02-04-00-00-00-12-70-34;SLAVE=2
DATE=2022-05-17T19:41:34.655;ERR=NO;FRAME=02-04-24-43-74-79-1d-00-00-00-00-00-00-00-00-3f-b0-6f-28-00-00-00-00-00-00-00-00-43-6c-be-5f-00-00-00-00-00-00-00-00-43-b0;SLAVE=2
DATE=2022-05-17T19:41:34.697;ERR=NO;FRAME=02-04-01-56-00-04-10-16;SLAVE=2
DATE=2022-05-17T19:41:34.719;ERR=NO;FRAME=02-04-08-43-24-e5-60-42-96-87-2b-4a-e8;SLAVE=2
DATE=2022-05-17T19:41:34.797;ERR=NO;FRAME=02-04-00-00-00-12-70-34;SLAVE=2
DATE=2022-05-17T19:41:34.855;ERR=NO;FRAME=02-04-24-43-74-79-1d-00-00-00-00-00-00-00-00-3f-b0-6f-28-00-00-00-00-00-00-00-00-43-6c-be-5f-00-00-00-00-00-00-00-00-43-b0;SLAVE=2
DATE=2022-05-17T19:41:34.897;ERR=NO;FRAME=02-04-00-12-00-12-d0-31;SLAVE=2
DATE=2022-05-17T19:41:34.956;ERR=NO;FRAME=02-04-24-43-a8-7d-6b-00-00-00-00-00-00-00-00-c3-6f-ce-d5-00-00-00-00-00-00-00-00-3f-33-da-06-00-00-00-00-00-00-00-00-54-c4;SLAVE=2
DATE=2022-05-17T19:41:34.997;ERR=NO;FRAME=02-04-00-00-00-12-70-34;SLAVE=2
DATE=2022-05-17T19:41:35.054;ERR=NO;FRAME=02-04-24-43-74-79-1d-00-00-00-00-00-00-00-00-3f-b0-6f-28-00-00-00-00-00-00-00-00-43-6c-be-5f-00-00-00-00-00-00-00-00-43-b0;SLAVE=2
DATE=2022-05-17T19:41:35.096;ERR=NO;FRAME=02-04-00-34-00-0c-b1-f2;SLAVE=2
DATE=2022-05-17T19:41:35.136;ERR=NO;FRAME=02-04-18-00-00-00-00-00-00-00-00-00-00-00-00-00-00-00-00-00-00-00-00-00-00-00-00-83-4c;SLAVE=2
DATE=2022-05-17T19:41:35.197;ERR=NO;FRAME=02-04-00-00-00-12-70-34;SLAVE=2
DATE=2022-05-17T19:41:35.255;ERR=NO;FRAME=02-04-24-43-74-79-1d-00-00-00-00-00-00-00-00-3f-b0-6f-28-00-00-00-00-00-00-00-00-43-6c-be-5f-00-00-00-00-00-00-00-00-43-b0;SLAVE=2
DATE=2022-05-17T19:41:35.297;ERR=NO;FRAME=02-04-00-46-00-0c-11-e9;SLAVE=2
DATE=2022-05-17T19:41:35.338;ERR=NO;FRAME=02-04-18-42-47-ce-0c-43-04-2e-98-42-02-db-23-40-ef-8d-50-42-87-8e-56-00-00-00-00-b7-d8;SLAVE=2
DATE=2022-05-17T19:41:35.397;ERR=NO;FRAME=02-04-00-00-00-12-70-34;SLAVE=2
DATE=2022-05-17T19:41:35.455;ERR=NO;FRAME=02-04-24-43-74-65-d8-00-00-00-00-00-00-00-00-3f-ad-ea-37-00-00-00-00-00-00-00-00-43-66-5b-97-00-00-00-00-00-00-00-00-3c-37;SLAVE=2
DATE=2022-05-17T19:41:35.497;ERR=NO;FRAME=02-04-00-c8-00-06-f1-c5;SLAVE=2
DATE=2022-05-17T19:41:35.523;ERR=NO;FRAME=02-04-0c-00-00-00-00-00-00-00-00-00-00-00-00-d6-b6;SLAVE=2
DATE=2022-05-17T19:41:35.596;ERR=NO;FRAME=02-04-00-00-00-12-70-34;SLAVE=2
DATE=2022-05-17T19:41:35.655;ERR=NO;FRAME=02-04-24-43-74-65-d8-00-00-00-00-00-00-00-00-3f-ad-ea-37-00-00-00-00-00-00-00-00-43-66-5b-97-00-00-00-00-00-00-00-00-3c-37;SLAVE=2
DATE=2022-05-17T19:41:35.697;ERR=NO;FRAME=02-04-01-56-00-04-10-16;SLAVE=2
DATE=2022-05-17T19:41:35.718;ERR=NO;FRAME=02-04-08-43-24-e5-60-42-96-87-ae-8b-4b;SLAVE=2
DATE=2022-05-17T19:41:35.797;ERR=NO;FRAME=02-04-00-00-00-12-70-34;SLAVE=2
DATE=2022-05-17T19:41:35.855;ERR=NO;FRAME=02-04-24-43-74-65-d8-00-00-00-00-00-00-00-00-3f-ad-ea-37-00-00-00-00-00-00-00-00-43-66-5b-97-00-00-00-00-00-00-00-00-3c-37;SLAVE=2
DATE=2022-05-17T19:41:35.897;ERR=NO;FRAME=02-04-00-12-00-12-d0-31;SLAVE=2
DATE=2022-05-17T19:41:35.956;ERR=NO;FRAME=02-04-24-43-a6-08-6e-00-00-00-00-00-00-00-00-c3-6f-2b-e6-00-00-00-00-00-00-00-00-3f-31-97-0f-00-00-00-00-00-00-00-00-90-d2;SLAVE=2
DATE=2022-05-17T19:41:35.997;ERR=NO;FRAME=02-04-00-00-00-12-70-34;SLAVE=2
DATE=2022-05-17T19:41:36.054;ERR=NO;FRAME=02-04-24-43-74-65-d8-00-00-00-00-00-00-00-00-3f-ad-ea-37-00-00-00-00-00-00-00-00-43-66-5b-97-00-00-00-00-00-00-00-00-3c-37;SLAVE=2
DATE=2022-05-17T19:41:36.096;ERR=NO;FRAME=02-04-00-34-00-0c-b1-f2;SLAVE=2
DATE=2022-05-17T19:41:36.136;ERR=NO;FRAME=02-04-18-00-00-00-00-00-00-00-00-00-00-00-00-00-00-00-00-00-00-00-00-00-00-00-00-83-4c;SLAVE=2
DATE=2022-05-17T19:41:36.197;ERR=NO;FRAME=02-04-00-00-00-12-70-34;SLAVE=2
DATE=2022-05-17T19:41:36.255;ERR=NO;FRAME=02-04-24-43-74-65-d8-00-00-00-00-00-00-00-00-3f-ad-ea-37-00-00-00-00-00-00-00-00-43-66-5b-97-00-00-00-00-00-00-00-00-3c-37;SLAVE=2
DATE=2022-05-17T19:41:36.297;ERR=NO;FRAME=02-04-00-46-00-0c-11-e9;SLAVE=2
DATE=2022-05-17T19:41:36.340;ERR=NO;FRAME=02-04-18-42-47-ce-0c-43-04-2e-98-42-02-db-23-40-ef-8d-50-42-87-8e-d9-00-00-00-00-e2-07;SLAVE=2
DATE=2022-05-17T19:41:36.397;ERR=NO;FRAME=02-04-00-00-00-12-70-34;SLAVE=2
DATE=2022-05-17T19:41:36.455;ERR=NO;FRAME=02-04-24-43-74-65-d8-00-00-00-00-00-00-00-00-3f-ad-ea-37-00-00-00-00-00-00-00-00-43-66-5b-97-00-00-00-00-00-00-00-00-3c-37;SLAVE=2
DATE=2022-05-17T19:41:36.497;ERR=NO;FRAME=02-04-00-c8-00-06-f1-c5;SLAVE=2
DATE=2022-05-17T19:41:36.522;ERR=NO;FRAME=02-04-0c-00-00-00-00-00-00-00-00-00-00-00-00-d6-b6;SLAVE=2
DATE=2022-05-17T19:41:36.596;ERR=NO;FRAME=02-04-00-00-00-12-70-34;SLAVE=2
DATE=2022-05-17T19:41:36.655;ERR=NO;FRAME=02-04-24-43-74-65-d8-00-00-00-00-00-00-00-00-3f-ad-ea-37-00-00-00-00-00-00-00-00-43-66-5b-97-00-00-00-00-00-00-00-00-3c-37;SLAVE=2
DATE=2022-05-17T19:41:36.697;ERR=NO;FRAME=02-04-01-56-00-04-10-16;SLAVE=2
DATE=2022-05-17T19:41:36.718;ERR=NO;FRAME=02-04-08-43-24-e5-60-42-96-87-ae-8b-4b;SLAVE=2
DATE=2022-05-17T19:41:36.797;ERR=NO;FRAME=02-04-00-00-00-12-70-34;SLAVE=2
DATE=2022-05-17T19:41:36.855;ERR=NO;FRAME=02-04-24-43-74-83-9c-00-00-00-00-00-00-00-00-3f-ad-5f-45-00-00-00-00-00-00-00-00-43-64-b4-a7-00-00-00-00-00-00-00-00-b1-e9;SLAVE=2
DATE=2022-05-17T19:41:36.897;ERR=NO;FRAME=02-04-00-12-00-12-d0-31;SLAVE=2
DATE=2022-05-17T19:41:36.956;ERR=NO;FRAME=02-04-24-43-a5-97-ef-00-00-00-00-00-00-00-00-c3-6f-89-c2-00-00-00-00-00-00-00-00-3f-30-c8-c8-00-00-00-00-00-00-00-00-92-aa;SLAVE=2
DATE=2022-05-17T19:41:36.997;ERR=NO;FRAME=02-04-00-00-00-12-70-34;SLAVE=2
DATE=2022-05-17T19:41:37.055;ERR=NO;FRAME=02-04-24-43-74-83-9c-00-00-00-00-00-00-00-00-3f-ad-5f-45-00-00-00-00-00-00-00-00-43-64-b4-a7-00-00-00-00-00-00-00-00-b1-e9;SLAVE=2
DATE=2022-05-17T19:41:37.097;ERR=NO;FRAME=02-04-00-34-00-0c-b1-f2;SLAVE=2
DATE=2022-05-17T19:41:37.136;ERR=NO;FRAME=02-04-18-00-00-00-00-00-00-00-00-00-00-00-00-00-00-00-00-00-00-00-00-00-00-00-00-83-4c;SLAVE=2
DATE=2022-05-17T19:41:37.197;ERR=NO;FRAME=02-04-00-00-00-12-70-34;SLAVE=2
DATE=2022-05-17T19:41:37.255;ERR=NO;FRAME=02-04-24-43-74-83-9c-00-00-00-00-00-00-00-00-3f-ad-5f-45-00-00-00-00-00-00-00-00-43-64-b4-a7-00-00-00-00-00-00-00-00-b1-e9;SLAVE=2
DATE=2022-05-17T19:41:37.297;ERR=NO;FRAME=02-04-00-46-00-0c-11-e9;SLAVE=2
DATE=2022-05-17T19:41:37.339;ERR=NO;FRAME=02-04-18-42-47-ce-0c-43-04-2e-98-42-02-db-23-40-ef-8d-50-42-87-8e-d9-00-00-00-00-e2-07;SLAVE=2
DATE=2022-05-17T19:41:37.397;ERR=NO;FRAME=02-04-00-00-00-12-70-34;SLAVE=2
DATE=2022-05-17T19:41:37.455;ERR=NO;FRAME=02-04-24-43-74-83-9c-00-00-00-00-00-00-00-00-3f-ad-5f-45-00-00-00-00-00-00-00-00-43-64-b4-a7-00-00-00-00-00-00-00-00-b1-e9;SLAVE=2
DATE=2022-05-17T19:41:37.497;ERR=NO;FRAME=02-04-00-c8-00-06-f1-c5;SLAVE=2
DATE=2022-05-17T19:41:37.522;ERR=NO;FRAME=02-04-0c-00-00-00-00-00-00-00-00-00-00-00-00-d6-b6;SLAVE=2
DATE=2022-05-17T19:41:37.596;ERR=NO;FRAME=02-04-00-00-00-12-70-34;SLAVE=2
DATE=2022-05-17T19:41:37.655;ERR=NO;FRAME=02-04-24-43-74-83-9c-00-00-00-00-00-00-00-00-3f-ad-5f-45-00-00-00-00-00-00-00-00-43-64-b4-a7-00-00-00-00-00-00-00-00-b1-e9;SLAVE=2
DATE=2022-05-17T19:41:37.697;ERR=NO;FRAME=02-04-01-56-00-04-10-16;SLAVE=2
DATE=2022-05-17T19:41:37.719;ERR=NO;FRAME=02-04-08-43-24-e5-60-42-96-87-ae-8b-4b;SLAVE=2
DATE=2022-05-17T19:41:37.797;ERR=NO;FRAME=02-04-00-00-00-12-70-34;SLAVE=2
DATE=2022-05-17T19:41:37.855;ERR=NO;FRAME=02-04-24-43-74-83-9c-00-00-00-00-00-00-00-00-3f-ad-5f-45-00-00-00-00-00-00-00-00-43-64-b4-a7-00-00-00-00-00-00-00-00-b1-e9;SLAVE=2
DATE=2022-05-17T19:41:37.896;ERR=NO;FRAME=02-04-00-12-00-12-d0-31;SLAVE=2
DATE=2022-05-17T19:41:37.956;ERR=NO;FRAME=02-04-24-43-a5-97-ef-00-00-00-00-00-00-00-00-c3-6f-89-c2-00-00-00-00-00-00-00-00-3f-30-c8-c8-00-00-00-00-00-00-00-00-92-aa;SLAVE=2
DATE=2022-05-17T19:41:37.997;ERR=NO;FRAME=02-04-00-00-00-12-70-34;SLAVE=2
DATE=2022-05-17T19:41:38.055;ERR=NO;FRAME=02-04-24-43-74-96-45-00-00-00-00-00-00-00-00-3f-ae-0c-bc-00-00-00-00-00-00-00-00-43-66-99-4d-00-00-00-00-00-00-00-00-58-eb;SLAVE=2
DATE=2022-05-17T19:41:38.096;ERR=NO;FRAME=02-04-00-34-00-0c-b1-f2;SLAVE=2
DATE=2022-05-17T19:41:38.136;ERR=NO;FRAME=02-04-18-00-00-00-00-00-00-00-00-00-00-00-00-00-00-00-00-00-00-00-00-00-00-00-00-83-4c;SLAVE=2
DATE=2022-05-17T19:41:38.197;ERR=NO;FRAME=02-04-00-00-00-12-70-34;SLAVE=2
DATE=2022-05-17T19:41:38.255;ERR=NO;FRAME=02-04-24-43-74-96-45-00-00-00-00-00-00-00-00-3f-ae-0c-bc-00-00-00-00-00-00-00-00-43-66-99-4d-00-00-00-00-00-00-00-00-58-eb;SLAVE=2
DATE=2022-05-17T19:41:38.297;ERR=NO;FRAME=02-04-00-46-00-0c-11-e9;SLAVE=2
DATE=2022-05-17T19:41:38.340;ERR=NO;FRAME=02-04-18-42-48-00-00-43-04-2e-98-42-02-db-23-40-ef-8d-50-42-87-8e-d9-00-00-00-00-8c-ab;SLAVE=2
DATE=2022-05-17T19:41:38.397;ERR=NO;FRAME=02-04-00-00-00-12-70-34;SLAVE=2
DATE=2022-05-17T19:41:38.455;ERR=NO;FRAME=02-04-24-43-74-96-45-00-00-00-00-00-00-00-00-3f-ae-0c-bc-00-00-00-00-00-00-00-00-43-66-99-4d-00-00-00-00-00-00-00-00-58-eb;SLAVE=2
DATE=2022-05-17T19:41:38.497;ERR=NO;FRAME=02-04-00-c8-00-06-f1-c5;SLAVE=2
DATE=2022-05-17T19:41:38.523;ERR=NO;FRAME=02-04-0c-00-00-00-00-00-00-00-00-00-00-00-00-d6-b6;SLAVE=2
DATE=2022-05-17T19:41:38.596;ERR=NO;FRAME=02-04-00-00-00-12-70-34;SLAVE=2
DATE=2022-05-17T19:41:38.656;ERR=NO;FRAME=02-04-24-43-74-96-45-00-00-00-00-00-00-00-00-3f-ae-0c-bc-00-00-00-00-00-00-00-00-43-66-99-4d-00-00-00-00-00-00-00-00-58-eb;SLAVE=2
DATE=2022-05-17T19:41:38.697;ERR=NO;FRAME=02-04-01-56-00-04-10-16;SLAVE=2
DATE=2022-05-17T19:41:38.718;ERR=NO;FRAME=02-04-08-43-24-e5-60-42-96-87-ae-8b-4b;SLAVE=2
DATE=2022-05-17T19:41:38.797;ERR=NO;FRAME=02-04-00-00-00-12-70-34;SLAVE=2
DATE=2022-05-17T19:41:38.855;ERR=NO;FRAME=02-04-24-43-74-96-45-00-00-00-00-00-00-00-00-3f-ae-0c-bc-00-00-00-00-00-00-00-00-43-66-99-4d-00-00-00-00-00-00-00-00-58-eb;SLAVE=2
DATE=2022-05-17T19:41:38.897;ERR=NO;FRAME=02-04-00-12-00-12-d0-31;SLAVE=2
DATE=2022-05-17T19:41:38.957;ERR=NO;FRAME=02-04-24-43-a6-4a-4e-00-00-00-00-00-00-00-00-c3-6f-a7-60-00-00-00-00-00-00-00-00-3f-31-80-35-00-00-00-00-00-00-00-00-2d-38;SLAVE=2
DATE=2022-05-17T19:41:38.996;ERR=NO;FRAME=02-04-00-00-00-12-70-34;SLAVE=2
DATE=2022-05-17T19:41:39.055;ERR=NO;FRAME=02-04-24-43-74-96-45-00-00-00-00-00-00-00-00-3f-ae-0c-bc-00-00-00-00-00-00-00-00-43-66-99-4d-00-00-00-00-00-00-00-00-58-eb;SLAVE=2
DATE=2022-05-17T19:41:39.097;ERR=NO;FRAME=02-04-00-34-00-0c-b1-f2;SLAVE=2
DATE=2022-05-17T19:41:39.137;ERR=NO;FRAME=02-04-18-00-00-00-00-00-00-00-00-00-00-00-00-00-00-00-00-00-00-00-00-00-00-00-00-83-4c;SLAVE=2
DATE=2022-05-17T19:41:39.197;ERR=NO;FRAME=02-04-00-00-00-12-70-34;SLAVE=2
DATE=2022-05-17T19:41:39.255;ERR=NO;FRAME=02-04-24-43-74-96-45-00-00-00-00-00-00-00-00-3f-ae-0c-bc-00-00-00-00-00-00-00-00-43-66-99-4d-00-00-00-00-00-00-00-00-58-eb;SLAVE=2
DATE=2022-05-17T19:41:39.297;ERR=NO;FRAME=02-04-00-46-00-0c-11-e9;SLAVE=2
DATE=2022-05-17T19:41:39.339;ERR=NO;FRAME=02-04-18-42-47-ce-0c-43-04-2e-98-42-02-db-23-40-ef-8d-50-42-87-8e-d9-00-00-00-00-e2-07;SLAVE=2
DATE=2022-05-17T19:41:39.397;ERR=NO;FRAME=02-04-00-00-00-12-70-34;SLAVE=2
DATE=2022-05-17T19:41:39.454;ERR=NO;FRAME=02-04-24-43-74-bc-d7-00-00-00-00-00-00-00-00-3f-ab-bd-3f-00-00-00-00-00-00-00-00-43-60-94-de-00-00-00-00-00-00-00-00-40-aa;SLAVE=2
DATE=2022-05-17T19:41:39.496;ERR=NO;FRAME=02-04-00-c8-00-06-f1-c5;SLAVE=2
DATE=2022-05-17T19:41:39.522;ERR=NO;FRAME=02-04-0c-00-00-00-00-00-00-00-00-00-00-00-00-d6-b6;SLAVE=2
DATE=2022-05-17T19:41:39.597;ERR=NO;FRAME=02-04-00-00-00-12-70-34;SLAVE=2
DATE=2022-05-17T19:41:39.655;ERR=NO;FRAME=02-04-24-43-74-bc-d7-00-00-00-00-00-00-00-00-3f-ab-bd-3f-00-00-00-00-00-00-00-00-43-60-94-de-00-00-00-00-00-00-00-00-40-aa;SLAVE=2
DATE=2022-05-17T19:41:39.696;ERR=NO;FRAME=02-04-01-56-00-04-10-16;SLAVE=2
DATE=2022-05-17T19:41:39.719;ERR=NO;FRAME=02-04-08-43-24-e5-60-42-96-87-ae-8b-4b;SLAVE=2
DATE=2022-05-17T19:41:39.797;ERR=NO;FRAME=02-04-00-00-00-12-70-34;SLAVE=2
DATE=2022-05-17T19:41:39.855;ERR=NO;FRAME=02-04-24-43-74-bc-d7-00-00-00-00-00-00-00-00-3f-ab-bd-3f-00-00-00-00-00-00-00-00-43-60-94-de-00-00-00-00-00-00-00-00-40-aa;SLAVE=2
DATE=2022-05-17T19:41:39.897;ERR=NO;FRAME=02-04-00-12-00-12-d0-31;SLAVE=2
DATE=2022-05-17T19:41:39.956;ERR=NO;FRAME=02-04-24-43-a4-2f-0e-00-00-00-00-00-00-00-00-c3-6f-8f-0f-00-00-00-00-00-00-00-00-3f-2f-16-41-00-00-00-00-00-00-00-00-8c-b7;SLAVE=2
DATE=2022-05-17T19:41:39.996;ERR=NO;FRAME=02-04-00-00-00-12-70-34;SLAVE=2
DATE=2022-05-17T19:41:40.055;ERR=NO;FRAME=02-04-24-43-74-bc-d7-00-00-00-00-00-00-00-00-3f-ab-bd-3f-00-00-00-00-00-00-00-00-43-60-94-de-00-00-00-00-00-00-00-00-40-aa;SLAVE=2
DATE=2022-05-17T19:41:40.097;ERR=NO;FRAME=02-04-00-34-00-0c-b1-f2;SLAVE=2
DATE=2022-05-17T19:41:40.136;ERR=NO;FRAME=02-04-18-00-00-00-00-00-00-00-00-00-00-00-00-00-00-00-00-00-00-00-00-00-00-00-00-83-4c;SLAVE=2
DATE=2022-05-17T19:41:40.197;ERR=NO;FRAME=02-04-00-00-00-12-70-34;SLAVE=2
DATE=2022-05-17T19:41:40.256;ERR=NO;FRAME=02-04-24-43-74-bc-d7-00-00-00-00-00-00-00-00-3f-ab-bd-3f-00-00-00-00-00-00-00-00-43-60-94-de-00-00-00-00-00-00-00-00-40-aa;SLAVE=2
DATE=2022-05-17T19:41:40.297;ERR=NO;FRAME=02-04-00-46-00-0c-11-e9;SLAVE=2
DATE=2022-05-17T19:41:40.339;ERR=NO;FRAME=02-04-18-42-47-ce-0c-43-04-2e-98-42-02-db-23-40-ef-8d-50-42-87-8e-d9-00-00-00-00-e2-07;SLAVE=2
DATE=2022-05-17T19:41:40.397;ERR=NO;FRAME=02-04-00-00-00-12-70-34;SLAVE=2
DATE=2022-05-17T19:41:40.456;ERR=NO;FRAME=02-04-24-43-74-bc-d7-00-00-00-00-00-00-00-00-3f-ab-bd-3f-00-00-00-00-00-00-00-00-43-60-94-de-00-00-00-00-00-00-00-00-40-aa;SLAVE=2
DATE=2022-05-17T19:41:40.496;ERR=NO;FRAME=02-04-00-c8-00-06-f1-c5;SLAVE=2
DATE=2022-05-17T19:41:40.523;ERR=NO;FRAME=02-04-0c-00-00-00-00-00-00-00-00-00-00-00-00-d6-b6;SLAVE=2
DATE=2022-05-17T19:41:40.597;ERR=NO;FRAME=02-04-00-00-00-12-70-34;SLAVE=2
DATE=2022-05-17T19:41:40.655;ERR=NO;FRAME=02-04-24-43-74-a7-a7-00-00-00-00-00-00-00-00-3f-ae-5a-0d-00-00-00-00-00-00-00-00-43-67-1d-c7-00-00-00-00-00-00-00-00-5f-88;SLAVE=2
DATE=2022-05-17T19:41:40.697;ERR=NO;FRAME=02-04-01-56-00-04-10-16;SLAVE=2
DATE=2022-05-17T19:41:40.719;ERR=NO;FRAME=02-04-08-43-24-e5-60-42-96-87-ae-8b-4b;SLAVE=2
DATE=2022-05-17T19:41:40.797;ERR=NO;FRAME=02-04-00-00-00-12-70-34;SLAVE=2
DATE=2022-05-17T19:41:40.856;ERR=NO;FRAME=02-04-24-43-74-a7-a7-00-00-00-00-00-00-00-00-3f-ae-5a-0d-00-00-00-00-00-00-00-00-43-67-1d-c7-00-00-00-00-00-00-00-00-5f-88;SLAVE=2
DATE=2022-05-17T19:41:40.896;ERR=NO;FRAME=02-04-00-12-00-12-d0-31;SLAVE=2
DATE=2022-05-17T19:41:40.956;ERR=NO;FRAME=02-04-24-43-a6-a0-03-00-00-00-00-00-00-00-00-c3-70-15-cb-00-00-00-00-00-00-00-00-3f-31-8a-ac-00-00-00-00-00-00-00-00-82-8e;SLAVE=2
DATE=2022-05-17T19:41:40.997;ERR=NO;FRAME=02-04-00-00-00-12-70-34;SLAVE=2
DATE=2022-05-17T19:41:41.055;ERR=NO;FRAME=02-04-24-43-74-a7-a7-00-00-00-00-00-00-00-00-3f-ae-5a-0d-00-00-00-00-00-00-00-00-43-67-1d-c7-00-00-00-00-00-00-00-00-5f-88;SLAVE=2
DATE=2022-05-17T19:41:41.097;ERR=NO;FRAME=02-04-00-34-00-0c-b1-f2;SLAVE=2
DATE=2022-05-17T19:41:41.137;ERR=NO;FRAME=02-04-18-00-00-00-00-00-00-00-00-00-00-00-00-00-00-00-00-00-00-00-00-00-00-00-00-83-4c;SLAVE=2
DATE=2022-05-17T19:41:41.196;ERR=NO;FRAME=02-04-00-00-00-12-70-34;SLAVE=2
DATE=2022-05-17T19:41:41.256;ERR=NO;FRAME=02-04-24-43-74-a7-a7-00-00-00-00-00-00-00-00-3f-ae-5a-0d-00-00-00-00-00-00-00-00-43-67-1d-c7-00-00-00-00-00-00-00-00-5f-88;SLAVE=2
DATE=2022-05-17T19:41:41.297;ERR=NO;FRAME=02-04-00-46-00-0c-11-e9;SLAVE=2
DATE=2022-05-17T19:41:41.339;ERR=NO;FRAME=02-04-18-42-48-00-00-43-04-2e-98-42-02-db-23-40-ef-8d-50-42-87-8e-d9-00-00-00-00-8c-ab;SLAVE=2
DATE=2022-05-17T19:41:41.397;ERR=NO;FRAME=02-04-00-00-00-12-70-34;SLAVE=2
DATE=2022-05-17T19:41:41.455;ERR=NO;FRAME=02-04-24-43-74-a7-a7-00-00-00-00-00-00-00-00-3f-ae-5a-0d-00-00-00-00-00-00-00-00-43-67-1d-c7-00-00-00-00-00-00-00-00-5f-88;SLAVE=2
DATE=2022-05-17T19:41:41.497;ERR=NO;FRAME=02-04-00-c8-00-06-f1-c5;SLAVE=2
DATE=2022-05-17T19:41:41.524;ERR=NO;FRAME=02-04-0c-00-00-00-00-00-00-00-00-00-00-00-00-d6-b6;SLAVE=2
DATE=2022-05-17T19:41:41.597;ERR=NO;FRAME=02-04-00-00-00-12-70-34;SLAVE=2
DATE=2022-05-17T19:41:41.656;ERR=NO;FRAME=02-04-24-43-74-a7-a7-00-00-00-00-00-00-00-00-3f-ae-5a-0d-00-00-00-00-00-00-00-00-43-67-1d-c7-00-00-00-00-00-00-00-00-5f-88;SLAVE=2
DATE=2022-05-17T19:41:41.696;ERR=NO;FRAME=02-04-01-56-00-04-10-16;SLAVE=2
DATE=2022-05-17T19:41:41.719;ERR=NO;FRAME=02-04-08-43-24-e5-60-42-96-87-ae-8b-4b;SLAVE=2
DATE=2022-05-17T19:41:41.796;ERR=NO;FRAME=02-04-00-00-00-12-70-34;SLAVE=2
DATE=2022-05-17T19:41:41.855;ERR=NO;FRAME=02-04-24-43-74-85-48-00-00-00-00-00-00-00-00-3f-ac-e2-51-00-00-00-00-00-00-00-00-43-63-4a-18-00-00-00-00-00-00-00-00-f6-37;SLAVE=2
DATE=2022-05-17T19:41:41.897;ERR=NO;FRAME=02-04-00-12-00-12-d0-31;SLAVE=2
DATE=2022-05-17T19:41:41.956;ERR=NO;FRAME=02-04-24-43-a5-21-b6-00-00-00-00-00-00-00-00-c3-6f-9c-66-00-00-00-00-00-00-00-00-3f-30-2e-50-00-00-00-00-00-00-00-00-35-f9;SLAVE=2
DATE=2022-05-17T19:41:41.996;ERR=NO;FRAME=02-04-00-00-00-12-70-34;SLAVE=2
DATE=2022-05-17T19:41:42.055;ERR=NO;FRAME=02-04-24-43-74-85-48-00-00-00-00-00-00-00-00-3f-ac-e2-51-00-00-00-00-00-00-00-00-43-63-4a-18-00-00-00-00-00-00-00-00-f6-37;SLAVE=2
DATE=2022-05-17T19:41:42.097;ERR=NO;FRAME=02-04-00-34-00-0c-b1-f2;SLAVE=2
DATE=2022-05-17T19:41:42.137;ERR=NO;FRAME=02-04-18-00-00-00-00-00-00-00-00-00-00-00-00-00-00-00-00-00-00-00-00-00-00-00-00-83-4c;SLAVE=2
DATE=2022-05-17T19:41:42.196;ERR=NO;FRAME=02-04-00-00-00-12-70-34;SLAVE=2
DATE=2022-05-17T19:41:42.255;ERR=NO;FRAME=02-04-24-43-74-85-48-00-00-00-00-00-00-00-00-3f-ac-e2-51-00-00-00-00-00-00-00-00-43-63-4a-18-00-00-00-00-00-00-00-00-f6-37;SLAVE=2
DATE=2022-05-17T19:41:42.297;ERR=NO;FRAME=02-04-00-46-00-0c-11-e9;SLAVE=2
DATE=2022-05-17T19:41:42.339;ERR=NO;FRAME=02-04-18-42-48-00-00-43-04-2e-98-42-02-db-23-40-ef-8d-50-42-87-8e-d9-00-00-00-00-8c-ab;SLAVE=2
DATE=2022-05-17T19:41:42.396;ERR=NO;FRAME=02-04-00-00-00-12-70-34;SLAVE=2
DATE=2022-05-17T19:41:42.455;ERR=NO;FRAME=02-04-24-43-74-85-48-00-00-00-00-00-00-00-00-3f-ac-e2-51-00-00-00-00-00-00-00-00-43-63-4a-18-00-00-00-00-00-00-00-00-f6-37;SLAVE=2
DATE=2022-05-17T19:41:42.497;ERR=NO;FRAME=02-04-00-c8-00-06-f1-c5;SLAVE=2
DATE=2022-05-17T19:41:42.523;ERR=NO;FRAME=02-04-0c-00-00-00-00-00-00-00-00-00-00-00-00-d6-b6;SLAVE=2
DATE=2022-05-17T19:41:42.596;ERR=NO;FRAME=02-04-00-00-00-12-70-34;SLAVE=2
DATE=2022-05-17T19:41:42.656;ERR=NO;FRAME=02-04-24-43-74-85-48-00-00-00-00-00-00-00-00-3f-ac-e2-51-00-00-00-00-00-00-00-00-43-63-4a-18-00-00-00-00-00-00-00-00-f6-37;SLAVE=2
DATE=2022-05-17T19:41:42.697;ERR=NO;FRAME=02-04-01-56-00-04-10-16;SLAVE=2
DATE=2022-05-17T19:41:42.719;ERR=NO;FRAME=02-04-08-43-24-e5-60-42-96-87-ae-8b-4b;SLAVE=2
DATE=2022-05-17T19:41:42.797;ERR=NO;FRAME=02-04-00-00-00-12-70-34;SLAVE=2
DATE=2022-05-17T19:41:42.854;ERR=NO;FRAME=02-04-24-43-74-85-48-00-00-00-00-00-00-00-00-3f-ac-e2-51-00-00-00-00-00-00-00-00-43-63-4a-18-00-00-00-00-00-00-00-00-f6-37;SLAVE=2
DATE=2022-05-17T19:41:42.896;ERR=NO;FRAME=02-04-00-12-00-12-d0-31;SLAVE=2
DATE=2022-05-17T19:41:42.956;ERR=NO;FRAME=02-04-24-43-a5-21-b6-00-00-00-00-00-00-00-00-c3-6f-9c-66-00-00-00-00-00-00-00-00-3f-30-2e-50-00-00-00-00-00-00-00-00-35-f9;SLAVE=2
DATE=2022-05-17T19:41:42.997;ERR=NO;FRAME=02-04-00-00-00-12-70-34;SLAVE=2
DATE=2022-05-17T19:41:43.056;ERR=NO;FRAME=02-04-24-43-74-85-48-00-00-00-00-00-00-00-00-3f-ac-e2-51-00-00-00-00-00-00-00-00-43-63-4a-18-00-00-00-00-00-00-00-00-f6-37;SLAVE=2
DATE=2022-05-17T19:41:43.096;ERR=NO;FRAME=02-04-00-34-00-0c-b1-f2;SLAVE=2
DATE=2022-05-17T19:41:43.136;ERR=NO;FRAME=02-04-18-00-00-00-00-00-00-00-00-00-00-00-00-00-00-00-00-00-00-00-00-00-00-00-00-83-4c;SLAVE=2
DATE=2022-05-17T19:41:43.197;ERR=NO;FRAME=02-04-00-00-00-12-70-34;SLAVE=2
DATE=2022-05-17T19:41:43.256;ERR=NO;FRAME=02-04-24-43-74-84-fd-00-00-00-00-00-00-00-00-3f-a7-d1-46-00-00-00-00-00-00-00-00-43-5d-ee-c6-00-00-00-00-00-00-00-00-20-5b;SLAVE=2
DATE=2022-05-17T19:41:43.296;ERR=NO;FRAME=02-04-00-46-00-0c-11-e9;SLAVE=2
DATE=2022-05-17T19:41:43.339;ERR=NO;FRAME=02-04-18-42-48-00-00-43-04-2e-98-42-02-db-23-40-ef-8d-50-42-87-8e-d9-00-00-00-00-8c-ab;SLAVE=2
DATE=2022-05-17T19:41:43.397;ERR=NO;FRAME=02-04-00-00-00-12-70-34;SLAVE=2
DATE=2022-05-17T19:41:43.456;ERR=NO;FRAME=02-04-24-43-74-84-fd-00-00-00-00-00-00-00-00-3f-a7-d1-46-00-00-00-00-00-00-00-00-43-5d-ee-c6-00-00-00-00-00-00-00-00-20-5b;SLAVE=2
DATE=2022-05-17T19:41:43.498;ERR=NO;FRAME=02-04-00-c8-00-06-f1-c5;SLAVE=2
DATE=2022-05-17T19:41:43.522;ERR=NO;FRAME=02-04-0c-00-00-00-00-00-00-00-00-00-00-00-00-d6-b6;SLAVE=2
DATE=2022-05-17T19:41:43.597;ERR=NO;FRAME=02-04-00-00-00-12-70-34;SLAVE=2
DATE=2022-05-17T19:41:43.656;ERR=NO;FRAME=02-04-24-43-74-84-fd-00-00-00-00-00-00-00-00-3f-a7-d1-46-00-00-00-00-00-00-00-00-43-5d-ee-c6-00-00-00-00-00-00-00-00-20-5b;SLAVE=2
DATE=2022-05-17T19:41:43.697;ERR=NO;FRAME=02-04-01-56-00-04-10-16;SLAVE=2
DATE=2022-05-17T19:41:43.718;ERR=NO;FRAME=02-04-08-43-24-e5-60-42-96-87-ae-8b-4b;SLAVE=2
DATE=2022-05-17T19:41:43.797;ERR=NO;FRAME=02-04-00-00-00-12-70-34;SLAVE=2
DATE=2022-05-17T19:41:43.854;ERR=NO;FRAME=02-04-24-43-74-84-fd-00-00-00-00-00-00-00-00-3f-a7-d1-46-00-00-00-00-00-00-00-00-43-5d-ee-c6-00-00-00-00-00-00-00-00-20-5b;SLAVE=2
DATE=2022-05-17T19:41:43.896;ERR=NO;FRAME=02-04-00-12-00-12-d0-31;SLAVE=2
DATE=2022-05-17T19:41:43.956;ERR=NO;FRAME=02-04-24-43-a0-4a-a4-00-00-00-00-00-00-00-00-c3-67-57-b6-00-00-00-00-00-00-00-00-3f-31-39-26-00-00-00-00-00-00-00-00-c9-c5;SLAVE=2
DATE=2022-05-17T19:41:43.997;ERR=NO;FRAME=02-04-00-00-00-12-70-34;SLAVE=2
DATE=2022-05-17T19:41:44.062;ERR=NO;FRAME=02-04-24-43-74-84-fd-00-00-00-00-00-00-00-00-3f-a7-d1-46-00-00-00-00-00-00-00-00-43-5d-ee-c6-00-00-00-00-00-00-00-00-20-5b;SLAVE=2
DATE=2022-05-17T19:41:44.096;ERR=NO;FRAME=02-04-00-34-00-0c-b1-f2;SLAVE=2
DATE=2022-05-17T19:41:44.137;ERR=NO;FRAME=02-04-18-00-00-00-00-00-00-00-00-00-00-00-00-00-00-00-00-00-00-00-00-00-00-00-00-83-4c;SLAVE=2
DATE=2022-05-17T19:41:44.197;ERR=NO;FRAME=02-04-00-00-00-12-70-34;SLAVE=2
DATE=2022-05-17T19:41:44.255;ERR=NO;FRAME=02-04-24-43-74-84-fd-00-00-00-00-00-00-00-00-3f-a7-d1-46-00-00-00-00-00-00-00-00-43-5d-ee-c6-00-00-00-00-00-00-00-00-20-5b;SLAVE=2
DATE=2022-05-17T19:41:44.297;ERR=NO;FRAME=02-04-00-46-00-0c-11-e9;SLAVE=2
DATE=2022-05-17T19:41:44.338;ERR=NO;FRAME=02-04-18-42-47-ce-0c-43-04-2e-98-42-02-db-23-40-ef-8d-50-42-87-8e-d9-00-00-00-00-e2-07;SLAVE=2
DATE=2022-05-17T19:41:44.397;ERR=NO;FRAME=02-04-00-00-00-12-70-34;SLAVE=2
DATE=2022-05-17T19:41:44.455;ERR=NO;FRAME=02-04-24-43-74-82-03-00-00-00-00-00-00-00-00-3f-ac-31-3e-00-00-00-00-00-00-00-00-43-66-5e-69-00-00-00-00-00-00-00-00-22-ef;SLAVE=2
DATE=2022-05-17T19:41:44.497;ERR=NO;FRAME=02-04-00-c8-00-06-f1-c5;SLAVE=2
DATE=2022-05-17T19:41:44.523;ERR=NO;FRAME=02-04-0c-00-00-00-00-00-00-00-00-00-00-00-00-d6-b6;SLAVE=2
DATE=2022-05-17T19:41:44.597;ERR=NO;FRAME=02-04-00-00-00-12-70-34;SLAVE=2
DATE=2022-05-17T19:41:44.654;ERR=NO;FRAME=02-04-24-43-74-82-03-00-00-00-00-00-00-00-00-3f-ac-31-3e-00-00-00-00-00-00-00-00-43-66-5e-69-00-00-00-00-00-00-00-00-22-ef;SLAVE=2
DATE=2022-05-17T19:41:44.697;ERR=NO;FRAME=02-04-01-56-00-04-10-16;SLAVE=2
DATE=2022-05-17T19:41:44.718;ERR=NO;FRAME=02-04-08-43-24-e5-60-42-96-87-ae-8b-4b;SLAVE=2
DATE=2022-05-17T19:41:44.796;ERR=NO;FRAME=02-04-00-00-00-12-70-34;SLAVE=2
DATE=2022-05-17T19:41:44.856;ERR=NO;FRAME=02-04-24-43-74-82-03-00-00-00-00-00-00-00-00-3f-ac-31-3e-00-00-00-00-00-00-00-00-43-66-5e-69-00-00-00-00-00-00-00-00-22-ef;SLAVE=2
DATE=2022-05-17T19:41:44.897;ERR=NO;FRAME=02-04-00-12-00-12-d0-31;SLAVE=2
DATE=2022-05-17T19:41:44.955;ERR=NO;FRAME=02-04-24-43-a4-76-62-00-00-00-00-00-00-00-00-c3-6a-c7-bf-00-00-00-00-00-00-00-00-3f-33-4b-63-00-00-00-00-00-00-00-00-23-ba;SLAVE=2
DATE=2022-05-17T19:41:44.996;ERR=NO;FRAME=02-04-00-00-00-12-70-34;SLAVE=2
DATE=2022-05-17T19:41:45.055;ERR=NO;FRAME=02-04-24-43-74-82-03-00-00-00-00-00-00-00-00-3f-ac-31-3e-00-00-00-00-00-00-00-00-43-66-5e-69-00-00-00-00-00-00-00-00-22-ef;SLAVE=2
DATE=2022-05-17T19:41:45.097;ERR=NO;FRAME=02-04-00-34-00-0c-b1-f2;SLAVE=2
DATE=2022-05-17T19:41:45.137;ERR=NO;FRAME=02-04-18-00-00-00-00-00-00-00-00-00-00-00-00-00-00-00-00-00-00-00-00-00-00-00-00-83-4c;SLAVE=2
DATE=2022-05-17T19:41:45.196;ERR=NO;FRAME=02-04-00-00-00-12-70-34;SLAVE=2
DATE=2022-05-17T19:41:45.255;ERR=NO;FRAME=02-04-24-43-74-82-03-00-00-00-00-00-00-00-00-3f-ac-31-3e-00-00-00-00-00-00-00-00-43-66-5e-69-00-00-00-00-00-00-00-00-22-ef;SLAVE=2
DATE=2022-05-17T19:41:45.297;ERR=NO;FRAME=02-04-00-46-00-0c-11-e9;SLAVE=2
DATE=2022-05-17T19:41:45.338;ERR=NO;FRAME=02-04-18-42-48-00-00-43-04-2e-98-42-02-db-23-40-ef-8d-50-42-87-8e-d9-00-00-00-00-8c-ab;SLAVE=2
DATE=2022-05-17T19:41:45.397;ERR=NO;FRAME=02-04-00-00-00-12-70-34;SLAVE=2
DATE=2022-05-17T19:41:45.455;ERR=NO;FRAME=02-04-24-43-74-82-03-00-00-00-00-00-00-00-00-3f-ac-31-3e-00-00-00-00-00-00-00-00-43-66-5e-69-00-00-00-00-00-00-00-00-22-ef;SLAVE=2
DATE=2022-05-17T19:41:45.497;ERR=NO;FRAME=02-04-00-c8-00-06-f1-c5;SLAVE=2
DATE=2022-05-17T19:41:45.523;ERR=NO;FRAME=02-04-0c-00-00-00-00-00-00-00-00-00-00-00-00-d6-b6;SLAVE=2
DATE=2022-05-17T19:41:45.597;ERR=NO;FRAME=02-04-00-00-00-12-70-34;SLAVE=2
DATE=2022-05-17T19:41:45.656;ERR=NO;FRAME=02-04-24-43-74-82-03-00-00-00-00-00-00-00-00-3f-ac-31-3e-00-00-00-00-00-00-00-00-43-66-5e-69-00-00-00-00-00-00-00-00-22-ef;SLAVE=2
DATE=2022-05-17T19:41:45.697;ERR=NO;FRAME=02-04-01-56-00-04-10-16;SLAVE=2
DATE=2022-05-17T19:41:45.719;ERR=NO;FRAME=02-04-08-43-24-e5-a2-42-96-87-ae-f2-9a;SLAVE=2
DATE=2022-05-17T19:41:45.796;ERR=NO;FRAME=02-04-00-00-00-12-70-34;SLAVE=2
DATE=2022-05-17T19:41:45.855;ERR=NO;FRAME=02-04-24-43-74-73-4b-00-00-00-00-00-00-00-00-3f-ae-66-92-00-00-00-00-00-00-00-00-43-68-e2-fa-00-00-00-00-00-00-00-00-a1-1c;SLAVE=2
DATE=2022-05-17T19:41:45.897;ERR=NO;FRAME=02-04-00-12-00-12-d0-31;SLAVE=2
DATE=2022-05-17T19:41:45.956;ERR=NO;FRAME=02-04-24-43-a6-88-4e-00-00-00-00-00-00-00-00-c3-6e-1b-f8-00-00-00-00-00-00-00-00-3f-33-00-48-00-00-00-00-00-00-00-00-8e-07;SLAVE=2
DATE=2022-05-17T19:41:45.996;ERR=NO;FRAME=02-04-00-00-00-12-70-34;SLAVE=2
DATE=2022-05-17T19:41:46.055;ERR=NO;FRAME=02-04-24-43-74-73-4b-00-00-00-00-00-00-00-00-3f-ae-66-92-00-00-00-00-00-00-00-00-43-68-e2-fa-00-00-00-00-00-00-00-00-a1-1c;SLAVE=2
DATE=2022-05-17T19:41:46.097;ERR=NO;FRAME=02-04-00-34-00-0c-b1-f2;SLAVE=2
DATE=2022-05-17T19:41:46.137;ERR=NO;FRAME=02-04-18-00-00-00-00-00-00-00-00-00-00-00-00-00-00-00-00-00-00-00-00-00-00-00-00-83-4c;SLAVE=2
DATE=2022-05-17T19:41:46.196;ERR=NO;FRAME=02-04-00-00-00-12-70-34;SLAVE=2
DATE=2022-05-17T19:41:46.256;ERR=NO;FRAME=02-04-24-43-74-73-4b-00-00-00-00-00-00-00-00-3f-ae-66-92-00-00-00-00-00-00-00-00-43-68-e2-fa-00-00-00-00-00-00-00-00-a1-1c;SLAVE=2
DATE=2022-05-17T19:41:46.297;ERR=NO;FRAME=02-04-00-46-00-0c-11-e9;SLAVE=2
DATE=2022-05-17T19:41:46.339;ERR=NO;FRAME=02-04-18-42-48-00-00-43-04-2e-d9-42-02-db-23-40-ef-8d-50-42-87-8e-d9-00-00-00-00-ec-ef;SLAVE=2
DATE=2022-05-17T19:41:46.396;ERR=NO;FRAME=02-04-00-00-00-12-70-34;SLAVE=2
DATE=2022-05-17T19:41:46.455;ERR=NO;FRAME=02-04-24-43-74-73-4b-00-00-00-00-00-00-00-00-3f-ae-66-92-00-00-00-00-00-00-00-00-43-68-e2-fa-00-00-00-00-00-00-00-00-a1-1c;SLAVE=2
DATE=2022-05-17T19:41:46.497;ERR=NO;FRAME=02-04-00-c8-00-06-f1-c5;SLAVE=2
DATE=2022-05-17T19:41:46.523;ERR=NO;FRAME=02-04-0c-00-00-00-00-00-00-00-00-00-00-00-00-d6-b6;SLAVE=2
DATE=2022-05-17T19:41:46.596;ERR=NO;FRAME=02-04-00-00-00-12-70-34;SLAVE=2
DATE=2022-05-17T19:41:46.655;ERR=NO;FRAME=02-04-24-43-74-73-4b-00-00-00-00-00-00-00-00-3f-ae-66-92-00-00-00-00-00-00-00-00-43-68-e2-fa-00-00-00-00-00-00-00-00-a1-1c;SLAVE=2
DATE=2022-05-17T19:41:46.697;ERR=NO;FRAME=02-04-01-56-00-04-10-16;SLAVE=2
DATE=2022-05-17T19:41:46.718;ERR=NO;FRAME=02-04-08-43-24-e5-a2-42-96-87-ae-f2-9a;SLAVE=2
DATE=2022-05-17T19:41:46.797;ERR=NO;FRAME=02-04-00-00-00-12-70-34;SLAVE=2
DATE=2022-05-17T19:41:46.856;ERR=NO;FRAME=02-04-24-43-74-73-4b-00-00-00-00-00-00-00-00-3f-ae-66-92-00-00-00-00-00-00-00-00-43-68-e2-fa-00-00-00-00-00-00-00-00-a1-1c;SLAVE=2
DATE=2022-05-17T19:41:46.896;ERR=NO;FRAME=02-04-00-12-00-12-d0-31;SLAVE=2
DATE=2022-05-17T19:41:46.956;ERR=NO;FRAME=02-04-24-43-a6-88-4e-00-00-00-00-00-00-00-00-c3-6e-1b-f8-00-00-00-00-00-00-00-00-3f-33-00-48-00-00-00-00-00-00-00-00-8e-07;SLAVE=2
DATE=2022-05-17T19:41:46.997;ERR=NO;FRAME=02-04-00-00-00-12-70-34;SLAVE=2
DATE=2022-05-17T19:41:47.055;ERR=NO;FRAME=02-04-24-43-74-8f-76-00-00-00-00-00-00-00-00-3f-ad-25-c6-00-00-00-00-00-00-00-00-43-63-8c-1c-00-00-00-00-00-00-00-00-a7-a7;SLAVE=2
DATE=2022-05-17T19:41:47.096;ERR=NO;FRAME=02-04-00-34-00-0c-b1-f2;SLAVE=2
DATE=2022-05-17T19:41:47.136;ERR=NO;FRAME=02-04-18-00-00-00-00-00-00-00-00-00-00-00-00-00-00-00-00-00-00-00-00-00-00-00-00-83-4c;SLAVE=2
DATE=2022-05-17T19:41:47.197;ERR=NO;FRAME=02-04-00-00-00-12-70-34;SLAVE=2
DATE=2022-05-17T19:41:47.255;ERR=NO;FRAME=02-04-24-43-74-8f-76-00-00-00-00-00-00-00-00-3f-ad-25-c6-00-00-00-00-00-00-00-00-43-63-8c-1c-00-00-00-00-00-00-00-00-a7-a7;SLAVE=2
DATE=2022-05-17T19:41:47.297;ERR=NO;FRAME=02-04-00-46-00-0c-11-e9;SLAVE=2
DATE=2022-05-17T19:41:47.339;ERR=NO;FRAME=02-04-18-42-48-00-00-43-04-2e-d9-42-02-db-23-40-ef-8d-50-42-87-8e-d9-00-00-00-00-ec-ef;SLAVE=2
DATE=2022-05-17T19:41:47.396;ERR=NO;FRAME=02-04-00-00-00-12-70-34;SLAVE=2
DATE=2022-05-17T19:41:47.455;ERR=NO;FRAME=02-04-24-43-74-8f-76-00-00-00-00-00-00-00-00-3f-ad-25-c6-00-00-00-00-00-00-00-00-43-63-8c-1c-00-00-00-00-00-00-00-00-a7-a7;SLAVE=2
DATE=2022-05-17T19:41:47.497;ERR=NO;FRAME=02-04-00-c8-00-06-f1-c5;SLAVE=2
DATE=2022-05-17T19:41:47.523;ERR=NO;FRAME=02-04-0c-00-00-00-00-00-00-00-00-00-00-00-00-d6-b6;SLAVE=2
DATE=2022-05-17T19:41:47.597;ERR=NO;FRAME=02-04-00-00-00-12-70-34;SLAVE=2
DATE=2022-05-17T19:41:47.656;ERR=NO;FRAME=02-04-24-43-74-8f-76-00-00-00-00-00-00-00-00-3f-ad-25-c6-00-00-00-00-00-00-00-00-43-63-8c-1c-00-00-00-00-00-00-00-00-a7-a7;SLAVE=2
DATE=2022-05-17T19:41:47.697;ERR=NO;FRAME=02-04-01-56-00-04-10-16;SLAVE=2
DATE=2022-05-17T19:41:47.718;ERR=NO;FRAME=02-04-08-43-24-e5-a2-42-96-87-ae-f2-9a;SLAVE=2
DATE=2022-05-17T19:41:47.797;ERR=NO;FRAME=02-04-00-00-00-12-70-34;SLAVE=2
DATE=2022-05-17T19:41:47.855;ERR=NO;FRAME=02-04-24-43-74-8f-76-00-00-00-00-00-00-00-00-3f-ad-25-c6-00-00-00-00-00-00-00-00-43-63-8c-1c-00-00-00-00-00-00-00-00-a7-a7;SLAVE=2
DATE=2022-05-17T19:41:47.897;ERR=NO;FRAME=02-04-00-12-00-12-d0-31;SLAVE=2
DATE=2022-05-17T19:41:47.956;ERR=NO;FRAME=02-04-24-43-a5-69-09-00-00-00-00-00-00-00-00-c3-70-22-61-00-00-00-00-00-00-00-00-3f-30-15-6d-00-00-00-00-00-00-00-00-1b-5d;SLAVE=2
DATE=2022-05-17T19:41:47.997;ERR=NO;FRAME=02-04-00-00-00-12-70-34;SLAVE=2
DATE=2022-05-17T19:41:48.055;ERR=NO;FRAME=02-04-24-43-74-8f-76-00-00-00-00-00-00-00-00-3f-ad-25-c6-00-00-00-00-00-00-00-00-43-63-8c-1c-00-00-00-00-00-00-00-00-a7-a7;SLAVE=2
DATE=2022-05-17T19:41:48.097;ERR=NO;FRAME=02-04-00-34-00-0c-b1-f2;SLAVE=2
DATE=2022-05-17T19:41:48.137;ERR=NO;FRAME=02-04-18-00-00-00-00-00-00-00-00-00-00-00-00-00-00-00-00-00-00-00-00-00-00-00-00-83-4c;SLAVE=2
DATE=2022-05-17T19:41:48.196;ERR=NO;FRAME=02-04-00-00-00-12-70-34;SLAVE=2
DATE=2022-05-17T19:41:48.255;ERR=NO;FRAME=02-04-24-43-74-91-d3-00-00-00-00-00-00-00-00-3f-ae-7e-a0-00-00-00-00-00-00-00-00-43-67-66-77-00-00-00-00-00-00-00-00-e0-d0;SLAVE=2
DATE=2022-05-17T19:41:48.297;ERR=NO;FRAME=02-04-00-46-00-0c-11-e9;SLAVE=2
DATE=2022-05-17T19:41:48.339;ERR=NO;FRAME=02-04-18-42-48-00-00-43-04-2e-d9-42-02-db-23-40-ef-8d-50-42-87-8e-d9-00-00-00-00-ec-ef;SLAVE=2
DATE=2022-05-17T19:41:48.397;ERR=NO;FRAME=02-04-00-00-00-12-70-34;SLAVE=2
DATE=2022-05-17T19:41:48.456;ERR=NO;FRAME=02-04-24-43-74-91-d3-00-00-00-00-00-00-00-00-3f-ae-7e-a0-00-00-00-00-00-00-00-00-43-67-66-77-00-00-00-00-00-00-00-00-e0-d0;SLAVE=2
DATE=2022-05-17T19:41:48.497;ERR=NO;FRAME=02-04-00-c8-00-06-f1-c5;SLAVE=2
DATE=2022-05-17T19:41:48.522;ERR=NO;FRAME=02-04-0c-00-00-00-00-00-00-00-00-00-00-00-00-d6-b6;SLAVE=2
DATE=2022-05-17T19:41:48.597;ERR=NO;FRAME=02-04-00-00-00-12-70-34;SLAVE=2
DATE=2022-05-17T19:41:48.654;ERR=NO;FRAME=02-04-24-43-74-91-d3-00-00-00-00-00-00-00-00-3f-ae-7e-a0-00-00-00-00-00-00-00-00-43-67-66-77-00-00-00-00-00-00-00-00-e0-d0;SLAVE=2
DATE=2022-05-17T19:41:48.696;ERR=NO;FRAME=02-04-01-56-00-04-10-16;SLAVE=2
DATE=2022-05-17T19:41:48.719;ERR=NO;FRAME=02-04-08-43-24-e5-a2-42-96-87-ae-f2-9a;SLAVE=2
DATE=2022-05-17T19:41:48.797;ERR=NO;FRAME=02-04-00-00-00-12-70-34;SLAVE=2
DATE=2022-05-17T19:41:48.855;ERR=NO;FRAME=02-04-24-43-74-91-d3-00-00-00-00-00-00-00-00-3f-ae-7e-a0-00-00-00-00-00-00-00-00-43-67-66-77-00-00-00-00-00-00-00-00-e0-d0;SLAVE=2
DATE=2022-05-17T19:41:48.897;ERR=NO;FRAME=02-04-00-12-00-12-d0-31;SLAVE=2
DATE=2022-05-17T19:41:48.957;ERR=NO;FRAME=02-04-24-43-a6-b4-16-00-00-00-00-00-00-00-00-c3-70-07-82-00-00-00-00-00-00-00-00-3f-31-ad-1b-00-00-00-00-00-00-00-00-5f-63;SLAVE=2
DATE=2022-05-17T19:41:48.997;ERR=NO;FRAME=02-04-00-00-00-12-70-34;SLAVE=2
DATE=2022-05-17T19:41:49.055;ERR=NO;FRAME=02-04-24-43-74-91-d3-00-00-00-00-00-00-00-00-3f-ae-7e-a0-00-00-00-00-00-00-00-00-43-67-66-77-00-00-00-00-00-00-00-00-e0-d0;SLAVE=2
DATE=2022-05-17T19:41:49.097;ERR=NO;FRAME=02-04-00-34-00-0c-b1-f2;SLAVE=2
DATE=2022-05-17T19:41:49.137;ERR=NO;FRAME=02-04-18-00-00-00-00-00-00-00-00-00-00-00-00-00-00-00-00-00-00-00-00-00-00-00-00-83-4c;SLAVE=2
DATE=2022-05-17T19:41:49.196;ERR=NO;FRAME=02-04-00-00-00-12-70-34;SLAVE=2
DATE=2022-05-17T19:41:49.255;ERR=NO;FRAME=02-04-24-43-74-91-d3-00-00-00-00-00-00-00-00-3f-ae-7e-a0-00-00-00-00-00-00-00-00-43-67-66-77-00-00-00-00-00-00-00-00-e0-d0;SLAVE=2
DATE=2022-05-17T19:41:49.297;ERR=NO;FRAME=02-04-00-46-00-0c-11-e9;SLAVE=2
DATE=2022-05-17T19:41:49.339;ERR=NO;FRAME=02-04-18-42-48-00-00-43-04-2e-d9-42-02-db-23-40-ef-8d-50-42-87-8e-d9-00-00-00-00-ec-ef;SLAVE=2
DATE=2022-05-17T19:41:49.397;ERR=NO;FRAME=02-04-00-00-00-12-70-34;SLAVE=2
DATE=2022-05-17T19:41:49.455;ERR=NO;FRAME=02-04-24-43-74-91-d3-00-00-00-00-00-00-00-00-3f-ae-7e-a0-00-00-00-00-00-00-00-00-43-67-66-77-00-00-00-00-00-00-00-00-e0-d0;SLAVE=2
DATE=2022-05-17T19:41:49.496;ERR=NO;FRAME=02-04-00-c8-00-06-f1-c5;SLAVE=2
DATE=2022-05-17T19:41:49.522;ERR=NO;FRAME=02-04-0c-00-00-00-00-00-00-00-00-00-00-00-00-d6-b6;SLAVE=2
DATE=2022-05-17T19:41:49.597;ERR=NO;FRAME=02-04-00-00-00-12-70-34;SLAVE=2
DATE=2022-05-17T19:41:49.655;ERR=NO;FRAME=02-04-24-43-74-b0-66-00-00-00-00-00-00-00-00-3f-b3-a6-9e-00-00-00-00-00-00-00-00-43-74-68-68-00-00-00-00-00-00-00-00-1c-0f;SLAVE=2
DATE=2022-05-17T19:41:49.697;ERR=NO;FRAME=02-04-01-56-00-04-10-16;SLAVE=2
DATE=2022-05-17T19:41:49.719;ERR=NO;FRAME=02-04-08-43-24-e5-a2-42-96-87-ae-f2-9a;SLAVE=2
DATE=2022-05-17T19:41:49.797;ERR=NO;FRAME=02-04-00-00-00-12-70-34;SLAVE=2
DATE=2022-05-17T19:41:49.856;ERR=NO;FRAME=02-04-24-43-74-b0-66-00-00-00-00-00-00-00-00-3f-b3-a6-9e-00-00-00-00-00-00-00-00-43-74-68-68-00-00-00-00-00-00-00-00-1c-0f;SLAVE=2
DATE=2022-05-17T19:41:49.897;ERR=NO;FRAME=02-04-00-12-00-12-d0-31;SLAVE=2
DATE=2022-05-17T19:41:49.956;ERR=NO;FRAME=02-04-24-43-ab-b6-9a-00-00-00-00-00-00-00-00-c3-71-42-ad-00-00-00-00-00-00-00-00-3f-36-30-49-00-00-00-00-00-00-00-00-d3-56;SLAVE=2
DATE=2022-05-17T19:41:49.997;ERR=NO;FRAME=02-04-00-00-00-12-70-34;SLAVE=2
DATE=2022-05-17T19:41:50.055;ERR=NO;FRAME=02-04-24-43-74-b0-66-00-00-00-00-00-00-00-00-3f-b3-a6-9e-00-00-00-00-00-00-00-00-43-74-68-68-00-00-00-00-00-00-00-00-1c-0f;SLAVE=2
DATE=2022-05-17T19:41:50.097;ERR=NO;FRAME=02-04-00-34-00-0c-b1-f2;SLAVE=2
DATE=2022-05-17T19:41:50.136;ERR=NO;FRAME=02-04-18-00-00-00-00-00-00-00-00-00-00-00-00-00-00-00-00-00-00-00-00-00-00-00-00-83-4c;SLAVE=2
DATE=2022-05-17T19:41:50.197;ERR=NO;FRAME=02-04-00-00-00-12-70-34;SLAVE=2
DATE=2022-05-17T19:41:50.255;ERR=NO;FRAME=02-04-24-43-74-b0-66-00-00-00-00-00-00-00-00-3f-b3-a6-9e-00-00-00-00-00-00-00-00-43-74-68-68-00-00-00-00-00-00-00-00-1c-0f;SLAVE=2
DATE=2022-05-17T19:41:50.297;ERR=NO;FRAME=02-04-00-46-00-0c-11-e9;SLAVE=2
DATE=2022-05-17T19:41:50.339;ERR=NO;FRAME=02-04-18-42-48-00-00-43-04-2e-d9-42-02-db-23-40-ef-8d-50-42-87-8e-d9-00-00-00-00-ec-ef;SLAVE=2
DATE=2022-05-17T19:41:50.397;ERR=NO;FRAME=02-04-00-00-00-12-70-34;SLAVE=2
DATE=2022-05-17T19:41:50.454;ERR=NO;FRAME=02-04-24-43-74-b0-66-00-00-00-00-00-00-00-00-3f-b3-a6-9e-00-00-00-00-00-00-00-00-43-74-68-68-00-00-00-00-00-00-00-00-1c-0f;SLAVE=2
DATE=2022-05-17T19:41:50.496;ERR=NO;FRAME=02-04-00-c8-00-06-f1-c5;SLAVE=2
DATE=2022-05-17T19:41:50.523;ERR=NO;FRAME=02-04-0c-00-00-00-00-00-00-00-00-00-00-00-00-d6-b6;SLAVE=2
DATE=2022-05-17T19:41:50.597;ERR=NO;FRAME=02-04-00-00-00-12-70-34;SLAVE=2
DATE=2022-05-17T19:41:50.655;ERR=NO;FRAME=02-04-24-43-74-b0-66-00-00-00-00-00-00-00-00-3f-b3-a6-9e-00-00-00-00-00-00-00-00-43-74-68-68-00-00-00-00-00-00-00-00-1c-0f;SLAVE=2
DATE=2022-05-17T19:41:50.697;ERR=NO;FRAME=02-04-01-56-00-04-10-16;SLAVE=2
DATE=2022-05-17T19:41:50.719;ERR=NO;FRAME=02-04-08-43-24-e5-a2-42-96-88-31-b7-02;SLAVE=2
DATE=2022-05-17T19:41:50.797;ERR=NO;FRAME=02-04-00-00-00-12-70-34;SLAVE=2
DATE=2022-05-17T19:41:50.854;ERR=NO;FRAME=02-04-24-43-74-d0-b7-00-00-00-00-00-00-00-00-3f-ad-ff-b3-00-00-00-00-00-00-00-00-43-65-2c-38-00-00-00-00-00-00-00-00-be-b6;SLAVE=2
DATE=2022-05-17T19:41:50.896;ERR=NO;FRAME=02-04-00-12-00-12-d0-31;SLAVE=2
DATE=2022-05-17T19:41:50.956;ERR=NO;FRAME=02-04-24-43-a6-65-93-00-00-00-00-00-00-00-00-c3-71-4f-d4-00-00-00-00-00-00-00-00-3f-30-4a-48-00-00-00-00-00-00-00-00-ca-57;SLAVE=2
DATE=2022-05-17T19:41:50.997;ERR=NO;FRAME=02-04-00-00-00-12-70-34;SLAVE=2
DATE=2022-05-17T19:41:51.055;ERR=NO;FRAME=02-04-24-43-74-d0-b7-00-00-00-00-00-00-00-00-3f-ad-ff-b3-00-00-00-00-00-00-00-00-43-65-2c-38-00-00-00-00-00-00-00-00-be-b6;SLAVE=2
DATE=2022-05-17T19:41:51.097;ERR=NO;FRAME=02-04-00-34-00-0c-b1-f2;SLAVE=2
DATE=2022-05-17T19:41:51.136;ERR=NO;FRAME=02-04-18-00-00-00-00-00-00-00-00-00-00-00-00-00-00-00-00-00-00-00-00-00-00-00-00-83-4c;SLAVE=2
DATE=2022-05-17T19:41:51.197;ERR=NO;FRAME=02-04-00-00-00-12-70-34;SLAVE=2
DATE=2022-05-17T19:41:51.256;ERR=NO;FRAME=02-04-24-43-74-d0-b7-00-00-00-00-00-00-00-00-3f-ad-ff-b3-00-00-00-00-00-00-00-00-43-65-2c-38-00-00-00-00-00-00-00-00-be-b6;SLAVE=2
DATE=2022-05-17T19:41:51.297;ERR=NO;FRAME=02-04-00-46-00-0c-11-e9;SLAVE=2
DATE=2022-05-17T19:41:51.339;ERR=NO;FRAME=02-04-18-42-48-00-00-43-04-2e-d9-42-02-db-23-40-ef-8d-50-42-87-8f-5c-00-00-00-00-20-e0;SLAVE=2
DATE=2022-05-17T19:41:51.397;ERR=NO;FRAME=02-04-00-00-00-12-70-34;SLAVE=2
DATE=2022-05-17T19:41:51.455;ERR=NO;FRAME=02-04-24-43-74-d0-b7-00-00-00-00-00-00-00-00-3f-ad-ff-b3-00-00-00-00-00-00-00-00-43-65-2c-38-00-00-00-00-00-00-00-00-be-b6;SLAVE=2
DATE=2022-05-17T19:41:51.497;ERR=NO;FRAME=02-04-00-c8-00-06-f1-c5;SLAVE=2
DATE=2022-05-17T19:41:51.522;ERR=NO;FRAME=02-04-0c-00-00-00-00-00-00-00-00-00-00-00-00-d6-b6;SLAVE=2
DATE=2022-05-17T19:41:51.597;ERR=NO;FRAME=02-04-00-00-00-12-70-34;SLAVE=2
DATE=2022-05-17T19:41:51.656;ERR=NO;FRAME=02-04-24-43-74-d0-b7-00-00-00-00-00-00-00-00-3f-ad-ff-b3-00-00-00-00-00-00-00-00-43-65-2c-38-00-00-00-00-00-00-00-00-be-b6;SLAVE=2
DATE=2022-05-17T19:41:51.697;ERR=NO;FRAME=02-04-01-56-00-04-10-16;SLAVE=2
DATE=2022-05-17T19:41:51.718;ERR=NO;FRAME=02-04-08-43-24-e5-a2-42-96-88-31-b7-02;SLAVE=2
DATE=2022-05-17T19:41:51.797;ERR=NO;FRAME=02-04-00-00-00-12-70-34;SLAVE=2
DATE=2022-05-17T19:41:51.855;ERR=NO;FRAME=02-04-24-43-74-d0-b7-00-00-00-00-00-00-00-00-3f-ad-ff-b3-00-00-00-00-00-00-00-00-43-65-2c-38-00-00-00-00-00-00-00-00-be-b6;SLAVE=2
DATE=2022-05-17T19:41:51.897;ERR=NO;FRAME=02-04-00-12-00-12-d0-31;SLAVE=2
DATE=2022-05-17T19:41:51.956;ERR=NO;FRAME=02-04-24-43-a6-65-93-00-00-00-00-00-00-00-00-c3-71-4f-d4-00-00-00-00-00-00-00-00-3f-30-4a-48-00-00-00-00-00-00-00-00-ca-57;SLAVE=2
DATE=2022-05-17T19:41:51.997;ERR=NO;FRAME=02-04-00-00-00-12-70-34;SLAVE=2
DATE=2022-05-17T19:41:52.055;ERR=NO;FRAME=02-04-24-43-74-d0-b7-00-00-00-00-00-00-00-00-3f-ad-ff-b3-00-00-00-00-00-00-00-00-43-65-2c-38-00-00-00-00-00-00-00-00-be-b6;SLAVE=2
DATE=2022-05-17T19:41:52.097;ERR=NO;FRAME=02-04-00-34-00-0c-b1-f2;SLAVE=2
DATE=2022-05-17T19:41:52.136;ERR=NO;FRAME=02-04-18-00-00-00-00-00-00-00-00-00-00-00-00-00-00-00-00-00-00-00-00-00-00-00-00-83-4c;SLAVE=2
DATE=2022-05-17T19:41:52.197;ERR=NO;FRAME=02-04-00-00-00-12-70-34;SLAVE=2
DATE=2022-05-17T19:41:52.255;ERR=NO;FRAME=02-04-24-43-74-96-ab-00-00-00-00-00-00-00-00-3f-aa-d1-1d-00-00-00-00-00-00-00-00-43-5f-12-21-00-00-00-00-00-00-00-00-d1-1a;SLAVE=2
DATE=2022-05-17T19:41:52.297;ERR=NO;FRAME=02-04-00-46-00-0c-11-e9;SLAVE=2
DATE=2022-05-17T19:41:52.338;ERR=NO;FRAME=02-04-18-42-48-00-00-43-04-2e-d9-42-02-db-23-40-ef-8d-50-42-87-8f-5c-00-00-00-00-20-e0;SLAVE=2
DATE=2022-05-17T19:41:52.397;ERR=NO;FRAME=02-04-00-00-00-12-70-34;SLAVE=2
DATE=2022-05-17T19:41:52.455;ERR=NO;FRAME=02-04-24-43-74-96-ab-00-00-00-00-00-00-00-00-3f-aa-d1-1d-00-00-00-00-00-00-00-00-43-5f-12-21-00-00-00-00-00-00-00-00-d1-1a;SLAVE=2
DATE=2022-05-17T19:41:52.497;ERR=NO;FRAME=02-04-00-c8-00-06-f1-c5;SLAVE=2
DATE=2022-05-17T19:41:52.523;ERR=NO;FRAME=02-04-0c-00-00-00-00-00-00-00-00-00-00-00-00-d6-b6;SLAVE=2
DATE=2022-05-17T19:41:52.596;ERR=NO;FRAME=02-04-00-00-00-12-70-34;SLAVE=2
DATE=2022-05-17T19:41:52.655;ERR=NO;FRAME=02-04-24-43-74-96-ab-00-00-00-00-00-00-00-00-3f-aa-d1-1d-00-00-00-00-00-00-00-00-43-5f-12-21-00-00-00-00-00-00-00-00-d1-1a;SLAVE=2
DATE=2022-05-17T19:41:52.697;ERR=NO;FRAME=02-04-01-56-00-04-10-16;SLAVE=2
DATE=2022-05-17T19:41:52.719;ERR=NO;FRAME=02-04-08-43-24-e5-a2-42-96-88-31-b7-02;SLAVE=2
DATE=2022-05-17T19:41:52.797;ERR=NO;FRAME=02-04-00-00-00-12-70-34;SLAVE=2
DATE=2022-05-17T19:41:52.854;ERR=NO;FRAME=02-04-24-43-74-96-ab-00-00-00-00-00-00-00-00-3f-aa-d1-1d-00-00-00-00-00-00-00-00-43-5f-12-21-00-00-00-00-00-00-00-00-d1-1a;SLAVE=2
DATE=2022-05-17T19:41:52.896;ERR=NO;FRAME=02-04-00-12-00-12-d0-31;SLAVE=2
DATE=2022-05-17T19:41:52.956;ERR=NO;FRAME=02-04-24-43-a3-33-d8-00-00-00-00-00-00-00-00-c3-6e-48-e9-00-00-00-00-00-00-00-00-3f-2e-f4-6f-00-00-00-00-00-00-00-00-30-7e;SLAVE=2
DATE=2022-05-17T19:41:52.997;ERR=NO;FRAME=02-04-00-00-00-12-70-34;SLAVE=2
DATE=2022-05-17T19:41:53.054;ERR=NO;FRAME=02-04-24-43-74-96-ab-00-00-00-00-00-00-00-00-3f-aa-d1-1d-00-00-00-00-00-00-00-00-43-5f-12-21-00-00-00-00-00-00-00-00-d1-1a;SLAVE=2
DATE=2022-05-17T19:41:53.096;ERR=NO;FRAME=02-04-00-34-00-0c-b1-f2;SLAVE=2
DATE=2022-05-17T19:41:53.136;ERR=NO;FRAME=02-04-18-00-00-00-00-00-00-00-00-00-00-00-00-00-00-00-00-00-00-00-00-00-00-00-00-83-4c;SLAVE=2
DATE=2022-05-17T19:41:53.197;ERR=NO;FRAME=02-04-00-00-00-12-70-34;SLAVE=2
DATE=2022-05-17T19:41:53.254;ERR=NO;FRAME=02-04-24-43-74-96-ab-00-00-00-00-00-00-00-00-3f-aa-d1-1d-00-00-00-00-00-00-00-00-43-5f-12-21-00-00-00-00-00-00-00-00-d1-1a;SLAVE=2
DATE=2022-05-17T19:41:53.296;ERR=NO;FRAME=02-04-00-46-00-0c-11-e9;SLAVE=2
DATE=2022-05-17T19:41:53.339;ERR=NO;FRAME=02-04-18-42-48-00-00-43-04-2e-d9-42-02-db-23-40-ef-8d-50-42-87-8f-5c-00-00-00-00-20-e0;SLAVE=2
DATE=2022-05-17T19:41:53.397;ERR=NO;FRAME=02-04-00-00-00-12-70-34;SLAVE=2
DATE=2022-05-17T19:41:53.456;ERR=NO;FRAME=02-04-24-43-74-90-93-00-00-00-00-00-00-00-00-3f-ab-f9-1b-00-00-00-00-00-00-00-00-43-62-2f-f0-00-00-00-00-00-00-00-00-35-86;SLAVE=2
DATE=2022-05-17T19:41:53.496;ERR=NO;FRAME=02-04-00-c8-00-06-f1-c5;SLAVE=2
DATE=2022-05-17T19:41:53.522;ERR=NO;FRAME=02-04-0c-00-00-00-00-00-00-00-00-00-00-00-00-d6-b6;SLAVE=2
DATE=2022-05-17T19:41:53.597;ERR=NO;FRAME=02-04-00-00-00-12-70-34;SLAVE=2
DATE=2022-05-17T19:41:53.655;ERR=NO;FRAME=02-04-24-43-74-90-93-00-00-00-00-00-00-00-00-3f-ab-f9-1b-00-00-00-00-00-00-00-00-43-62-2f-f0-00-00-00-00-00-00-00-00-35-86;SLAVE=2
DATE=2022-05-17T19:41:53.697;ERR=NO;FRAME=02-04-01-56-00-04-10-16;SLAVE=2
DATE=2022-05-17T19:41:53.719;ERR=NO;FRAME=02-04-08-43-24-e5-a2-42-96-88-31-b7-02;SLAVE=2
DATE=2022-05-17T19:41:53.797;ERR=NO;FRAME=02-04-00-00-00-12-70-34;SLAVE=2
DATE=2022-05-17T19:41:53.856;ERR=NO;FRAME=02-04-24-43-74-90-93-00-00-00-00-00-00-00-00-3f-ab-f9-1b-00-00-00-00-00-00-00-00-43-62-2f-f0-00-00-00-00-00-00-00-00-35-86;SLAVE=2
DATE=2022-05-17T19:41:53.897;ERR=NO;FRAME=02-04-00-12-00-12-d0-31;SLAVE=2
DATE=2022-05-17T19:41:53.957;ERR=NO;FRAME=02-04-24-43-a4-4a-8c-00-00-00-00-00-00-00-00-c3-6e-56-ea-00-00-00-00-00-00-00-00-3f-30-39-38-00-00-00-00-00-00-00-00-f3-38;SLAVE=2
DATE=2022-05-17T19:41:53.997;ERR=NO;FRAME=02-04-00-00-00-12-70-34;SLAVE=2
DATE=2022-05-17T19:41:54.055;ERR=NO;FRAME=02-04-24-43-74-90-93-00-00-00-00-00-00-00-00-3f-ab-f9-1b-00-00-00-00-00-00-00-00-43-62-2f-f0-00-00-00-00-00-00-00-00-35-86;SLAVE=2
DATE=2022-05-17T19:41:54.097;ERR=NO;FRAME=02-04-00-34-00-0c-b1-f2;SLAVE=2
DATE=2022-05-17T19:41:54.136;ERR=NO;FRAME=02-04-18-00-00-00-00-00-00-00-00-00-00-00-00-00-00-00-00-00-00-00-00-00-00-00-00-83-4c;SLAVE=2
DATE=2022-05-17T19:41:54.197;ERR=NO;FRAME=02-04-00-00-00-12-70-34;SLAVE=2
DATE=2022-05-17T19:41:54.254;ERR=NO;FRAME=02-04-24-43-74-90-93-00-00-00-00-00-00-00-00-3f-ab-f9-1b-00-00-00-00-00-00-00-00-43-62-2f-f0-00-00-00-00-00-00-00-00-35-86;SLAVE=2
DATE=2022-05-17T19:41:54.296;ERR=NO;FRAME=02-04-00-46-00-0c-11-e9;SLAVE=2
DATE=2022-05-17T19:41:54.338;ERR=NO;FRAME=02-04-18-42-48-00-00-43-04-2e-d9-42-02-db-23-40-ef-8d-50-42-87-8f-5c-00-00-00-00-20-e0;SLAVE=2
DATE=2022-05-17T19:41:54.397;ERR=NO;FRAME=02-04-00-00-00-12-70-34;SLAVE=2
DATE=2022-05-17T19:41:54.455;ERR=NO;FRAME=02-04-24-43-74-90-93-00-00-00-00-00-00-00-00-3f-ab-f9-1b-00-00-00-00-00-00-00-00-43-62-2f-f0-00-00-00-00-00-00-00-00-35-86;SLAVE=2
DATE=2022-05-17T19:41:54.497;ERR=NO;FRAME=02-04-00-c8-00-06-f1-c5;SLAVE=2
DATE=2022-05-17T19:41:54.523;ERR=NO;FRAME=02-04-0c-00-00-00-00-00-00-00-00-00-00-00-00-d6-b6;SLAVE=2
DATE=2022-05-17T19:41:54.597;ERR=NO;FRAME=02-04-00-00-00-12-70-34;SLAVE=2
DATE=2022-05-17T19:41:54.654;ERR=NO;FRAME=02-04-24-43-74-9b-5e-00-00-00-00-00-00-00-00-3f-aa-58-2b-00-00-00-00-00-00-00-00-43-5f-4e-cd-00-00-00-00-00-00-00-00-92-61;SLAVE=2
DATE=2022-05-17T19:41:54.696;ERR=NO;FRAME=02-04-01-56-00-04-10-16;SLAVE=2
DATE=2022-05-17T19:41:54.719;ERR=NO;FRAME=02-04-08-43-24-e5-a2-42-96-88-31-b7-02;SLAVE=2
DATE=2022-05-17T19:41:54.796;ERR=NO;FRAME=02-04-00-00-00-12-70-34;SLAVE=2
DATE=2022-05-17T19:41:54.855;ERR=NO;FRAME=02-04-24-43-74-9b-5e-00-00-00-00-00-00-00-00-3f-aa-58-2b-00-00-00-00-00-00-00-00-43-5f-4e-cd-00-00-00-00-00-00-00-00-92-61;SLAVE=2
DATE=2022-05-17T19:41:54.897;ERR=NO;FRAME=02-04-00-12-00-12-d0-31;SLAVE=2
DATE=2022-05-17T19:41:54.957;ERR=NO;FRAME=02-04-24-43-a2-c3-6c-00-00-00-00-00-00-00-00-c3-6c-db-67-00-00-00-00-00-00-00-00-3f-2f-9c-fe-00-00-00-00-00-00-00-00-ef-a3;SLAVE=2
DATE=2022-05-17T19:41:54.996;ERR=NO;FRAME=02-04-00-00-00-12-70-34;SLAVE=2
DATE=2022-05-17T19:41:55.055;ERR=NO;FRAME=02-04-24-43-74-9b-5e-00-00-00-00-00-00-00-00-3f-aa-58-2b-00-00-00-00-00-00-00-00-43-5f-4e-cd-00-00-00-00-00-00-00-00-92-61;SLAVE=2
DATE=2022-05-17T19:41:55.097;ERR=NO;FRAME=02-04-00-34-00-0c-b1-f2;SLAVE=2
DATE=2022-05-17T19:41:55.137;ERR=NO;FRAME=02-04-18-00-00-00-00-00-00-00-00-00-00-00-00-00-00-00-00-00-00-00-00-00-00-00-00-83-4c;SLAVE=2
DATE=2022-05-17T19:41:55.196;ERR=NO;FRAME=02-04-00-00-00-12-70-34;SLAVE=2
DATE=2022-05-17T19:41:55.255;ERR=NO;FRAME=02-04-24-43-74-9b-5e-00-00-00-00-00-00-00-00-3f-aa-58-2b-00-00-00-00-00-00-00-00-43-5f-4e-cd-00-00-00-00-00-00-00-00-92-61;SLAVE=2
DATE=2022-05-17T19:41:55.297;ERR=NO;FRAME=02-04-00-46-00-0c-11-e9;SLAVE=2
DATE=2022-05-17T19:41:55.339;ERR=NO;FRAME=02-04-18-42-48-00-00-43-04-2e-d9-42-02-db-23-40-ef-8d-50-42-87-8f-5c-00-00-00-00-20-e0;SLAVE=2
DATE=2022-05-17T19:41:55.396;ERR=NO;FRAME=02-04-00-00-00-12-70-34;SLAVE=2
DATE=2022-05-17T19:41:55.455;ERR=NO;FRAME=02-04-24-43-74-9b-5e-00-00-00-00-00-00-00-00-3f-aa-58-2b-00-00-00-00-00-00-00-00-43-5f-4e-cd-00-00-00-00-00-00-00-00-92-61;SLAVE=2
DATE=2022-05-17T19:41:55.497;ERR=NO;FRAME=02-04-00-c8-00-06-f1-c5;SLAVE=2
DATE=2022-05-17T19:41:55.523;ERR=NO;FRAME=02-04-0c-00-00-00-00-00-00-00-00-00-00-00-00-d6-b6;SLAVE=2
DATE=2022-05-17T19:41:55.596;ERR=NO;FRAME=02-04-00-00-00-12-70-34;SLAVE=2
DATE=2022-05-17T19:41:55.655;ERR=NO;FRAME=02-04-24-43-74-9b-5e-00-00-00-00-00-00-00-00-3f-aa-58-2b-00-00-00-00-00-00-00-00-43-5f-4e-cd-00-00-00-00-00-00-00-00-92-61;SLAVE=2
DATE=2022-05-17T19:41:55.697;ERR=NO;FRAME=02-04-01-56-00-04-10-16;SLAVE=2
DATE=2022-05-17T19:41:55.719;ERR=NO;FRAME=02-04-08-43-24-e5-a2-42-96-88-31-b7-02;SLAVE=2
DATE=2022-05-17T19:41:55.797;ERR=NO;FRAME=02-04-00-00-00-12-70-34;SLAVE=2
DATE=2022-05-17T19:41:55.856;ERR=NO;FRAME=02-04-24-43-74-9b-5e-00-00-00-00-00-00-00-00-3f-aa-58-2b-00-00-00-00-00-00-00-00-43-5f-4e-cd-00-00-00-00-00-00-00-00-92-61;SLAVE=2
DATE=2022-05-17T19:41:55.896;ERR=NO;FRAME=02-04-00-12-00-12-d0-31;SLAVE=2
DATE=2022-05-17T19:41:55.956;ERR=NO;FRAME=02-04-24-43-a5-75-70-00-00-00-00-00-00-00-00-c3-6f-6b-ac-00-00-00-00-00-00-00-00-3f-30-b8-bb-00-00-00-00-00-00-00-00-af-6c;SLAVE=2
DATE=2022-05-17T19:41:55.997;ERR=NO;FRAME=02-04-00-00-00-12-70-34;SLAVE=2
DATE=2022-05-17T19:41:56.056;ERR=NO;FRAME=02-04-24-43-74-9c-f6-00-00-00-00-00-00-00-00-3f-ad-29-34-00-00-00-00-00-00-00-00-43-64-70-44-00-00-00-00-00-00-00-00-ee-b5;SLAVE=2
DATE=2022-05-17T19:41:56.096;ERR=NO;FRAME=02-04-00-34-00-0c-b1-f2;SLAVE=2
DATE=2022-05-17T19:41:56.139;ERR=NO;FRAME=02-04-18-00-00-00-00-00-00-00-00-00-00-00-00-00-00-00-00-00-00-00-00-00-00-00-00-83-4c;SLAVE=2
DATE=2022-05-17T19:41:56.197;ERR=NO;FRAME=02-04-00-00-00-12-70-34;SLAVE=2
DATE=2022-05-17T19:41:56.255;ERR=NO;FRAME=02-04-24-43-74-9c-f6-00-00-00-00-00-00-00-00-3f-ad-29-34-00-00-00-00-00-00-00-00-43-64-70-44-00-00-00-00-00-00-00-00-ee-b5;SLAVE=2
DATE=2022-05-17T19:41:56.296;ERR=NO;FRAME=02-04-00-46-00-0c-11-e9;SLAVE=2
DATE=2022-05-17T19:41:56.340;ERR=NO;FRAME=02-04-18-42-48-00-00-43-04-2e-d9-42-02-db-23-40-ef-8d-50-42-87-8f-5c-00-00-00-00-20-e0;SLAVE=2
DATE=2022-05-17T19:41:56.397;ERR=NO;FRAME=02-04-00-00-00-12-70-34;SLAVE=2
DATE=2022-05-17T19:41:56.455;ERR=NO;FRAME=02-04-24-43-74-9c-f6-00-00-00-00-00-00-00-00-3f-ad-29-34-00-00-00-00-00-00-00-00-43-64-70-44-00-00-00-00-00-00-00-00-ee-b5;SLAVE=2
DATE=2022-05-17T19:41:56.497;ERR=NO;FRAME=02-04-00-c8-00-06-f1-c5;SLAVE=2
DATE=2022-05-17T19:41:56.522;ERR=NO;FRAME=02-04-0c-00-00-00-00-00-00-00-00-00-00-00-00-d6-b6;SLAVE=2
DATE=2022-05-17T19:41:56.596;ERR=NO;FRAME=02-04-00-00-00-12-70-34;SLAVE=2
DATE=2022-05-17T19:41:56.659;ERR=NO;FRAME=02-04-24-43-74-9c-f6-00-00-00-00-00-00-00-00-3f-ad-29-34-00-00-00-00-00-00-00-00-43-64-70-44-00-00-00-00-00-00-00-00-ee-b5;SLAVE=2
DATE=2022-05-17T19:41:56.697;ERR=NO;FRAME=02-04-01-56-00-04-10-16;SLAVE=2
DATE=2022-05-17T19:41:56.719;ERR=NO;FRAME=02-04-08-43-24-e5-a2-42-96-88-31-b7-02;SLAVE=2
DATE=2022-05-17T19:41:56.797;ERR=NO;FRAME=02-04-00-00-00-12-70-34;SLAVE=2
DATE=2022-05-17T19:41:56.854;ERR=NO;FRAME=02-04-24-43-74-9c-f6-00-00-00-00-00-00-00-00-3f-ad-29-34-00-00-00-00-00-00-00-00-43-64-70-44-00-00-00-00-00-00-00-00-ee-b5;SLAVE=2
DATE=2022-05-17T19:41:56.896;ERR=NO;FRAME=02-04-00-12-00-12-d0-31;SLAVE=2
DATE=2022-05-17T19:41:56.956;ERR=NO;FRAME=02-04-24-43-a5-75-70-00-00-00-00-00-00-00-00-c3-6f-6b-ac-00-00-00-00-00-00-00-00-3f-30-b8-bb-00-00-00-00-00-00-00-00-af-6c;SLAVE=2
DATE=2022-05-17T19:41:56.997;ERR=NO;FRAME=02-04-00-00-00-12-70-34;SLAVE=2
DATE=2022-05-17T19:41:57.055;ERR=NO;FRAME=02-04-24-43-74-9c-f6-00-00-00-00-00-00-00-00-3f-ad-29-34-00-00-00-00-00-00-00-00-43-64-70-44-00-00-00-00-00-00-00-00-ee-b5;SLAVE=2
DATE=2022-05-17T19:41:57.097;ERR=NO;FRAME=02-04-00-34-00-0c-b1-f2;SLAVE=2
DATE=2022-05-17T19:41:57.137;ERR=NO;FRAME=02-04-18-00-00-00-00-00-00-00-00-00-00-00-00-00-00-00-00-00-00-00-00-00-00-00-00-83-4c;SLAVE=2
DATE=2022-05-17T19:41:57.196;ERR=NO;FRAME=02-04-00-00-00-12-70-34;SLAVE=2
DATE=2022-05-17T19:41:57.255;ERR=NO;FRAME=02-04-24-43-74-84-69-00-00-00-00-00-00-00-00-3f-ad-26-97-00-00-00-00-00-00-00-00-43-63-60-0c-00-00-00-00-00-00-00-00-36-c4;SLAVE=2
DATE=2022-05-17T19:41:57.297;ERR=NO;FRAME=02-04-00-46-00-0c-11-e9;SLAVE=2
DATE=2022-05-17T19:41:57.339;ERR=NO;FRAME=02-04-18-42-48-00-00-43-04-2e-d9-42-02-db-23-40-ef-8d-50-42-87-8f-5c-00-00-00-00-20-e0;SLAVE=2
DATE=2022-05-17T19:41:57.398;ERR=NO;FRAME=02-04-00-00-00-12-70-34;SLAVE=2
DATE=2022-05-17T19:41:57.454;ERR=NO;FRAME=02-04-24-43-74-84-69-00-00-00-00-00-00-00-00-3f-ad-26-97-00-00-00-00-00-00-00-00-43-63-60-0c-00-00-00-00-00-00-00-00-36-c4;SLAVE=2
DATE=2022-05-17T19:41:57.497;ERR=NO;FRAME=02-04-00-c8-00-06-f1-c5;SLAVE=2
DATE=2022-05-17T19:41:57.522;ERR=NO;FRAME=02-04-0c-00-00-00-00-00-00-00-00-00-00-00-00-d6-b6;SLAVE=2
DATE=2022-05-17T19:41:57.597;ERR=NO;FRAME=02-04-00-00-00-12-70-34;SLAVE=2
DATE=2022-05-17T19:41:57.655;ERR=NO;FRAME=02-04-24-43-74-84-69-00-00-00-00-00-00-00-00-3f-ad-26-97-00-00-00-00-00-00-00-00-43-63-60-0c-00-00-00-00-00-00-00-00-36-c4;SLAVE=2
DATE=2022-05-17T19:41:57.696;ERR=NO;FRAME=02-04-01-56-00-04-10-16;SLAVE=2
DATE=2022-05-17T19:41:57.719;ERR=NO;FRAME=02-04-08-43-24-e5-a2-42-96-88-31-b7-02;SLAVE=2
DATE=2022-05-17T19:41:57.796;ERR=NO;FRAME=02-04-00-00-00-12-70-34;SLAVE=2
DATE=2022-05-17T19:41:57.855;ERR=NO;FRAME=02-04-24-43-74-84-69-00-00-00-00-00-00-00-00-3f-ad-26-97-00-00-00-00-00-00-00-00-43-63-60-0c-00-00-00-00-00-00-00-00-36-c4;SLAVE=2
DATE=2022-05-17T19:41:57.897;ERR=NO;FRAME=02-04-00-12-00-12-d0-31;SLAVE=2
DATE=2022-05-17T19:41:57.955;ERR=NO;FRAME=02-04-24-43-a5-62-56-00-00-00-00-00-00-00-00-c3-70-39-a7-00-00-00-00-00-00-00-00-3f-2f-fa-76-00-00-00-00-00-00-00-00-0f-4b;SLAVE=2
DATE=2022-05-17T19:41:57.996;ERR=NO;FRAME=02-04-00-00-00-12-70-34;SLAVE=2
DATE=2022-05-17T19:41:58.055;ERR=NO;FRAME=02-04-24-43-74-84-69-00-00-00-00-00-00-00-00-3f-ad-26-97-00-00-00-00-00-00-00-00-43-63-60-0c-00-00-00-00-00-00-00-00-36-c4;SLAVE=2
DATE=2022-05-17T19:41:58.097;ERR=NO;FRAME=02-04-00-34-00-0c-b1-f2;SLAVE=2
DATE=2022-05-17T19:41:58.137;ERR=NO;FRAME=02-04-18-00-00-00-00-00-00-00-00-00-00-00-00-00-00-00-00-00-00-00-00-00-00-00-00-83-4c;SLAVE=2
DATE=2022-05-17T19:41:58.196;ERR=NO;FRAME=02-04-00-00-00-12-70-34;SLAVE=2
DATE=2022-05-17T19:41:58.255;ERR=NO;FRAME=02-04-24-43-74-84-69-00-00-00-00-00-00-00-00-3f-ad-26-97-00-00-00-00-00-00-00-00-43-63-60-0c-00-00-00-00-00-00-00-00-36-c4;SLAVE=2
DATE=2022-05-17T19:41:58.297;ERR=NO;FRAME=02-04-00-46-00-0c-11-e9;SLAVE=2
DATE=2022-05-17T19:41:58.339;ERR=NO;FRAME=02-04-18-42-48-00-00-43-04-2e-d9-42-02-db-23-40-ef-8d-50-42-87-8f-5c-00-00-00-00-20-e0;SLAVE=2
DATE=2022-05-17T19:41:58.396;ERR=NO;FRAME=02-04-00-00-00-12-70-34;SLAVE=2
DATE=2022-05-17T19:41:58.455;ERR=NO;FRAME=02-04-24-43-74-84-69-00-00-00-00-00-00-00-00-3f-ad-26-97-00-00-00-00-00-00-00-00-43-63-60-0c-00-00-00-00-00-00-00-00-36-c4;SLAVE=2
DATE=2022-05-17T19:41:58.497;ERR=NO;FRAME=02-04-00-c8-00-06-f1-c5;SLAVE=2
DATE=2022-05-17T19:41:58.524;ERR=NO;FRAME=02-04-0c-00-00-00-00-00-00-00-00-00-00-00-00-d6-b6;SLAVE=2
DATE=2022-05-17T19:41:58.597;ERR=NO;FRAME=02-04-00-00-00-12-70-34;SLAVE=2
DATE=2022-05-17T19:41:58.656;ERR=NO;FRAME=02-04-24-43-74-8c-92-00-00-00-00-00-00-00-00-3f-a9-ca-3c-00-00-00-00-00-00-00-00-43-5e-c8-40-00-00-00-00-00-00-00-00-94-ff;SLAVE=2
DATE=2022-05-17T19:41:58.696;ERR=NO;FRAME=02-04-01-56-00-04-10-16;SLAVE=2
DATE=2022-05-17T19:41:58.719;ERR=NO;FRAME=02-04-08-43-24-e5-a2-42-96-88-31-b7-02;SLAVE=2
DATE=2022-05-17T19:41:58.797;ERR=NO;FRAME=02-04-00-00-00-12-70-34;SLAVE=2
DATE=2022-05-17T19:41:58.855;ERR=NO;FRAME=02-04-24-43-74-8c-92-00-00-00-00-00-00-00-00-3f-a9-ca-3c-00-00-00-00-00-00-00-00-43-5e-c8-40-00-00-00-00-00-00-00-00-94-ff;SLAVE=2
DATE=2022-05-17T19:41:58.897;ERR=NO;FRAME=02-04-00-12-00-12-d0-31;SLAVE=2
DATE=2022-05-17T19:41:58.957;ERR=NO;FRAME=02-04-24-43-a2-31-fd-00-00-00-00-00-00-00-00-c3-6b-ca-6f-00-00-00-00-00-00-00-00-3f-2f-d0-46-00-00-00-00-00-00-00-00-da-4a;SLAVE=2
DATE=2022-05-17T19:41:58.997;ERR=NO;FRAME=02-04-00-00-00-12-70-34;SLAVE=2
DATE=2022-05-17T19:41:59.055;ERR=NO;FRAME=02-04-24-43-74-8c-92-00-00-00-00-00-00-00-00-3f-a9-ca-3c-00-00-00-00-00-00-00-00-43-5e-c8-40-00-00-00-00-00-00-00-00-94-ff;SLAVE=2
DATE=2022-05-17T19:41:59.097;ERR=NO;FRAME=02-04-00-34-00-0c-b1-f2;SLAVE=2
DATE=2022-05-17T19:41:59.136;ERR=NO;FRAME=02-04-18-00-00-00-00-00-00-00-00-00-00-00-00-00-00-00-00-00-00-00-00-00-00-00-00-83-4c;SLAVE=2
DATE=2022-05-17T19:41:59.197;ERR=NO;FRAME=02-04-00-00-00-12-70-34;SLAVE=2
DATE=2022-05-17T19:41:59.255;ERR=NO;FRAME=02-04-24-43-74-8c-92-00-00-00-00-00-00-00-00-3f-a9-ca-3c-00-00-00-00-00-00-00-00-43-5e-c8-40-00-00-00-00-00-00-00-00-94-ff;SLAVE=2
DATE=2022-05-17T19:41:59.297;ERR=NO;FRAME=02-04-00-46-00-0c-11-e9;SLAVE=2
DATE=2022-05-17T19:41:59.338;ERR=NO;FRAME=02-04-18-42-48-00-00-43-04-2e-d9-42-02-db-23-40-ef-8d-50-42-87-8f-5c-00-00-00-00-20-e0;SLAVE=2
DATE=2022-05-17T19:41:59.397;ERR=NO;FRAME=02-04-00-00-00-12-70-34;SLAVE=2
DATE=2022-05-17T19:41:59.454;ERR=NO;FRAME=02-04-24-43-74-8c-92-00-00-00-00-00-00-00-00-3f-a9-ca-3c-00-00-00-00-00-00-00-00-43-5e-c8-40-00-00-00-00-00-00-00-00-94-ff;SLAVE=2
DATE=2022-05-17T19:41:59.497;ERR=NO;FRAME=02-04-00-c8-00-06-f1-c5;SLAVE=2
DATE=2022-05-17T19:41:59.523;ERR=NO;FRAME=02-04-0c-00-00-00-00-00-00-00-00-00-00-00-00-d6-b6;SLAVE=2
DATE=2022-05-17T19:41:59.597;ERR=NO;FRAME=02-04-00-00-00-12-70-34;SLAVE=2
DATE=2022-05-17T19:41:59.655;ERR=NO;FRAME=02-04-24-43-74-8c-92-00-00-00-00-00-00-00-00-3f-a9-ca-3c-00-00-00-00-00-00-00-00-43-5e-c8-40-00-00-00-00-00-00-00-00-94-ff;SLAVE=2
DATE=2022-05-17T19:41:59.697;ERR=NO;FRAME=02-04-01-56-00-04-10-16;SLAVE=2
DATE=2022-05-17T19:41:59.719;ERR=NO;FRAME=02-04-08-43-24-e5-a2-42-96-88-31-b7-02;SLAVE=2
DATE=2022-05-17T19:41:59.797;ERR=NO;FRAME=02-04-00-00-00-12-70-34;SLAVE=2
DATE=2022-05-17T19:41:59.854;ERR=NO;FRAME=02-04-24-43-74-a6-f5-00-00-00-00-00-00-00-00-3f-a7-7c-ea-00-00-00-00-00-00-00-00-43-5d-3b-46-00-00-00-00-00-00-00-00-fa-90;SLAVE=2
DATE=2022-05-17T19:41:59.896;ERR=NO;FRAME=02-04-00-12-00-12-d0-31;SLAVE=2
DATE=2022-05-17T19:41:59.956;ERR=NO;FRAME=02-04-24-43-a0-10-4a-00-00-00-00-00-00-00-00-c3-67-62-06-00-00-00-00-00-00-00-00-3f-30-ea-37-00-00-00-00-00-00-00-00-63-dc;SLAVE=2
DATE=2022-05-17T19:41:59.997;ERR=NO;FRAME=02-04-00-00-00-12-70-34;SLAVE=2
DATE=2022-05-17T19:42:00.056;ERR=NO;FRAME=02-04-24-43-74-a6-f5-00-00-00-00-00-00-00-00-3f-a7-7c-ea-00-00-00-00-00-00-00-00-43-5d-3b-46-00-00-00-00-00-00-00-00-fa-90;SLAVE=2
DATE=2022-05-17T19:42:00.096;ERR=NO;FRAME=02-04-00-34-00-0c-b1-f2;SLAVE=2
DATE=2022-05-17T19:42:00.136;ERR=NO;FRAME=02-04-18-00-00-00-00-00-00-00-00-00-00-00-00-00-00-00-00-00-00-00-00-00-00-00-00-83-4c;SLAVE=2
DATE=2022-05-17T19:42:00.197;ERR=NO;FRAME=02-04-00-00-00-12-70-34;SLAVE=2
DATE=2022-05-17T19:42:00.255;ERR=NO;FRAME=02-04-24-43-74-a6-f5-00-00-00-00-00-00-00-00-3f-a7-7c-ea-00-00-00-00-00-00-00-00-43-5d-3b-46-00-00-00-00-00-00-00-00-fa-90;SLAVE=2
DATE=2022-05-17T19:42:00.297;ERR=NO;FRAME=02-04-00-46-00-0c-11-e9;SLAVE=2
DATE=2022-05-17T19:42:00.340;ERR=NO;FRAME=02-04-18-42-48-32-0d-43-04-2e-d9-42-02-db-23-40-ef-8d-50-42-87-8f-5c-00-00-00-00-6c-33;SLAVE=2
DATE=2022-05-17T19:42:00.397;ERR=NO;FRAME=02-04-00-00-00-12-70-34;SLAVE=2
DATE=2022-05-17T19:42:00.455;ERR=NO;FRAME=02-04-24-43-74-a6-f5-00-00-00-00-00-00-00-00-3f-a7-7c-ea-00-00-00-00-00-00-00-00-43-5d-3b-46-00-00-00-00-00-00-00-00-fa-90;SLAVE=2
DATE=2022-05-17T19:42:00.497;ERR=NO;FRAME=02-04-00-c8-00-06-f1-c5;SLAVE=2
DATE=2022-05-17T19:42:00.522;ERR=NO;FRAME=02-04-0c-00-00-00-00-00-00-00-00-00-00-00-00-d6-b6;SLAVE=2
DATE=2022-05-17T19:42:00.597;ERR=NO;FRAME=02-04-00-00-00-12-70-34;SLAVE=2
DATE=2022-05-17T19:42:00.655;ERR=NO;FRAME=02-04-24-43-74-a6-f5-00-00-00-00-00-00-00-00-3f-a7-7c-ea-00-00-00-00-00-00-00-00-43-5d-3b-46-00-00-00-00-00-00-00-00-fa-90;SLAVE=2
DATE=2022-05-17T19:42:00.697;ERR=NO;FRAME=02-04-01-56-00-04-10-16;SLAVE=2
DATE=2022-05-17T19:42:00.719;ERR=NO;FRAME=02-04-08-43-24-e5-a2-42-96-88-31-b7-02;SLAVE=2
DATE=2022-05-17T19:42:00.797;ERR=NO;FRAME=02-04-00-00-00-12-70-34;SLAVE=2
DATE=2022-05-17T19:42:00.855;ERR=NO;FRAME=02-04-24-43-74-a6-f5-00-00-00-00-00-00-00-00-3f-a7-7c-ea-00-00-00-00-00-00-00-00-43-5d-3b-46-00-00-00-00-00-00-00-00-fa-90;SLAVE=2
DATE=2022-05-17T19:42:00.897;ERR=NO;FRAME=02-04-00-12-00-12-d0-31;SLAVE=2
DATE=2022-05-17T19:42:00.957;ERR=NO;FRAME=02-04-24-43-a0-10-4a-00-00-00-00-00-00-00-00-c3-67-62-06-00-00-00-00-00-00-00-00-3f-30-ea-37-00-00-00-00-00-00-00-00-63-dc;SLAVE=2
DATE=2022-05-17T19:42:00.997;ERR=NO;FRAME=02-04-00-00-00-12-70-34;SLAVE=2
DATE=2022-05-17T19:42:01.055;ERR=NO;FRAME=02-04-24-43-74-b1-82-00-00-00-00-00-00-00-00-3f-ad-f5-a8-00-00-00-00-00-00-00-00-43-66-ce-43-00-00-00-00-00-00-00-00-0a-4e;SLAVE=2
DATE=2022-05-17T19:42:01.097;ERR=NO;FRAME=02-04-00-34-00-0c-b1-f2;SLAVE=2
DATE=2022-05-17T19:42:01.136;ERR=NO;FRAME=02-04-18-00-00-00-00-00-00-00-00-00-00-00-00-00-00-00-00-00-00-00-00-00-00-00-00-83-4c;SLAVE=2
DATE=2022-05-17T19:42:01.197;ERR=NO;FRAME=02-04-00-00-00-12-70-34;SLAVE=2
DATE=2022-05-17T19:42:01.255;ERR=NO;FRAME=02-04-24-43-74-b1-82-00-00-00-00-00-00-00-00-3f-ad-f5-a8-00-00-00-00-00-00-00-00-43-66-ce-43-00-00-00-00-00-00-00-00-0a-4e;SLAVE=2
DATE=2022-05-17T19:42:01.297;ERR=NO;FRAME=02-04-00-46-00-0c-11-e9;SLAVE=2
DATE=2022-05-17T19:42:01.338;ERR=NO;FRAME=02-04-18-42-48-00-00-43-04-2e-d9-42-02-db-23-40-ef-8d-50-42-87-8f-5c-00-00-00-00-20-e0;SLAVE=2
DATE=2022-05-17T19:42:01.397;ERR=NO;FRAME=02-04-00-00-00-12-70-34;SLAVE=2
DATE=2022-05-17T19:42:01.455;ERR=NO;FRAME=02-04-24-43-74-b1-82-00-00-00-00-00-00-00-00-3f-ad-f5-a8-00-00-00-00-00-00-00-00-43-66-ce-43-00-00-00-00-00-00-00-00-0a-4e;SLAVE=2
DATE=2022-05-17T19:42:01.497;ERR=NO;FRAME=02-04-00-c8-00-06-f1-c5;SLAVE=2
DATE=2022-05-17T19:42:01.523;ERR=NO;FRAME=02-04-0c-00-00-00-00-00-00-00-00-00-00-00-00-d6-b6;SLAVE=2
DATE=2022-05-17T19:42:01.596;ERR=NO;FRAME=02-04-00-00-00-12-70-34;SLAVE=2
DATE=2022-05-17T19:42:01.655;ERR=NO;FRAME=02-04-24-43-74-b1-82-00-00-00-00-00-00-00-00-3f-ad-f5-a8-00-00-00-00-00-00-00-00-43-66-ce-43-00-00-00-00-00-00-00-00-0a-4e;SLAVE=2
DATE=2022-05-17T19:42:01.697;ERR=NO;FRAME=02-04-01-56-00-04-10-16;SLAVE=2
DATE=2022-05-17T19:42:01.719;ERR=NO;FRAME=02-04-08-43-24-e5-e3-42-96-88-31-8b-0d;SLAVE=2
DATE=2022-05-17T19:42:01.797;ERR=NO;FRAME=02-04-00-00-00-12-70-34;SLAVE=2
DATE=2022-05-17T19:42:01.856;ERR=NO;FRAME=02-04-24-43-74-b1-82-00-00-00-00-00-00-00-00-3f-ad-f5-a8-00-00-00-00-00-00-00-00-43-66-ce-43-00-00-00-00-00-00-00-00-0a-4e;SLAVE=2
DATE=2022-05-17T19:42:01.896;ERR=NO;FRAME=02-04-00-12-00-12-d0-31;SLAVE=2
DATE=2022-05-17T19:42:01.956;ERR=NO;FRAME=02-04-24-43-a6-46-c3-00-00-00-00-00-00-00-00-c3-6f-6a-89-00-00-00-00-00-00-00-00-3f-31-ac-c2-00-00-00-00-00-00-00-00-ce-c3;SLAVE=2
DATE=2022-05-17T19:42:01.997;ERR=NO;FRAME=02-04-00-00-00-12-70-34;SLAVE=2
DATE=2022-05-17T19:42:02.056;ERR=NO;FRAME=02-04-24-43-74-b1-82-00-00-00-00-00-00-00-00-3f-ad-f5-a8-00-00-00-00-00-00-00-00-43-66-ce-43-00-00-00-00-00-00-00-00-0a-4e;SLAVE=2
DATE=2022-05-17T19:42:02.097;ERR=NO;FRAME=02-04-00-34-00-0c-b1-f2;SLAVE=2
DATE=2022-05-17T19:42:02.136;ERR=NO;FRAME=02-04-18-00-00-00-00-00-00-00-00-00-00-00-00-00-00-00-00-00-00-00-00-00-00-00-00-83-4c;SLAVE=2
DATE=2022-05-17T19:42:02.197;ERR=NO;FRAME=02-04-00-00-00-12-70-34;SLAVE=2
DATE=2022-05-17T19:42:02.255;ERR=NO;FRAME=02-04-24-43-74-b1-82-00-00-00-00-00-00-00-00-3f-ad-f5-a8-00-00-00-00-00-00-00-00-43-66-ce-43-00-00-00-00-00-00-00-00-0a-4e;SLAVE=2
DATE=2022-05-17T19:42:02.297;ERR=NO;FRAME=02-04-00-46-00-0c-11-e9;SLAVE=2
DATE=2022-05-17T19:42:02.339;ERR=NO;FRAME=02-04-18-42-48-00-00-43-04-2f-1b-42-02-db-23-40-ef-8d-50-42-87-8f-5c-00-00-00-00-80-40;SLAVE=2
DATE=2022-05-17T19:42:02.397;ERR=NO;FRAME=02-04-00-00-00-12-70-34;SLAVE=2
DATE=2022-05-17T19:42:02.456;ERR=NO;FRAME=02-04-24-43-74-a6-71-00-00-00-00-00-00-00-00-3f-ac-1c-06-00-00-00-00-00-00-00-00-43-61-66-ed-00-00-00-00-00-00-00-00-fc-b4;SLAVE=2
DATE=2022-05-17T19:42:02.497;ERR=NO;FRAME=02-04-00-c8-00-06-f1-c5;SLAVE=2
DATE=2022-05-17T19:42:02.522;ERR=NO;FRAME=02-04-0c-00-00-00-00-00-00-00-00-00-00-00-00-d6-b6;SLAVE=2
DATE=2022-05-17T19:42:02.597;ERR=NO;FRAME=02-04-00-00-00-12-70-34;SLAVE=2
DATE=2022-05-17T19:42:02.654;ERR=NO;FRAME=02-04-24-43-74-a6-71-00-00-00-00-00-00-00-00-3f-ac-1c-06-00-00-00-00-00-00-00-00-43-61-66-ed-00-00-00-00-00-00-00-00-fc-b4;SLAVE=2
DATE=2022-05-17T19:42:02.696;ERR=NO;FRAME=02-04-01-56-00-04-10-16;SLAVE=2
DATE=2022-05-17T19:42:02.719;ERR=NO;FRAME=02-04-08-43-24-e5-e3-42-96-88-31-8b-0d;SLAVE=2
DATE=2022-05-17T19:42:02.798;ERR=NO;FRAME=02-04-00-00-00-12-70-34;SLAVE=2
DATE=2022-05-17T19:42:02.856;ERR=NO;FRAME=02-04-24-43-74-a6-71-00-00-00-00-00-00-00-00-3f-ac-1c-06-00-00-00-00-00-00-00-00-43-61-66-ed-00-00-00-00-00-00-00-00-fc-b4;SLAVE=2
DATE=2022-05-17T19:42:02.897;ERR=NO;FRAME=02-04-00-12-00-12-d0-31;SLAVE=2
DATE=2022-05-17T19:42:02.957;ERR=NO;FRAME=02-04-24-43-a4-7a-9c-00-00-00-00-00-00-00-00-c3-6f-99-16-00-00-00-00-00-00-00-00-3f-2f-69-4c-00-00-00-00-00-00-00-00-9e-2a;SLAVE=2
DATE=2022-05-17T19:42:02.997;ERR=NO;FRAME=02-04-00-00-00-12-70-34;SLAVE=2
DATE=2022-05-17T19:42:03.055;ERR=NO;FRAME=02-04-24-43-74-a6-71-00-00-00-00-00-00-00-00-3f-ac-1c-06-00-00-00-00-00-00-00-00-43-61-66-ed-00-00-00-00-00-00-00-00-fc-b4;SLAVE=2
DATE=2022-05-17T19:42:03.097;ERR=NO;FRAME=02-04-00-34-00-0c-b1-f2;SLAVE=2
DATE=2022-05-17T19:42:03.136;ERR=NO;FRAME=02-04-18-00-00-00-00-00-00-00-00-00-00-00-00-00-00-00-00-00-00-00-00-00-00-00-00-83-4c;SLAVE=2
DATE=2022-05-17T19:42:03.197;ERR=NO;FRAME=02-04-00-00-00-12-70-34;SLAVE=2
DATE=2022-05-17T19:42:03.256;ERR=NO;FRAME=02-04-24-43-74-a6-71-00-00-00-00-00-00-00-00-3f-ac-1c-06-00-00-00-00-00-00-00-00-43-61-66-ed-00-00-00-00-00-00-00-00-fc-b4;SLAVE=2
DATE=2022-05-17T19:42:03.296;ERR=NO;FRAME=02-04-00-46-00-0c-11-e9;SLAVE=2
DATE=2022-05-17T19:42:03.338;ERR=NO;FRAME=02-04-18-42-48-00-00-43-04-2f-1b-42-02-db-23-40-ef-8d-50-42-87-8f-5c-00-00-00-00-80-40;SLAVE=2
DATE=2022-05-17T19:42:03.397;ERR=NO;FRAME=02-04-00-00-00-12-70-34;SLAVE=2
DATE=2022-05-17T19:42:03.455;ERR=NO;FRAME=02-04-24-43-74-a6-71-00-00-00-00-00-00-00-00-3f-ac-1c-06-00-00-00-00-00-00-00-00-43-61-66-ed-00-00-00-00-00-00-00-00-fc-b4;SLAVE=2
DATE=2022-05-17T19:42:03.497;ERR=NO;FRAME=02-04-00-c8-00-06-f1-c5;SLAVE=2
DATE=2022-05-17T19:42:03.523;ERR=NO;FRAME=02-04-0c-00-00-00-00-00-00-00-00-00-00-00-00-d6-b6;SLAVE=2
DATE=2022-05-17T19:42:03.596;ERR=NO;FRAME=02-04-00-00-00-12-70-34;SLAVE=2
DATE=2022-05-17T19:42:03.655;ERR=NO;FRAME=02-04-24-43-74-97-cd-00-00-00-00-00-00-00-00-3f-ab-77-e1-00-00-00-00-00-00-00-00-43-5e-4f-0d-00-00-00-00-00-00-00-00-cb-91;SLAVE=2
DATE=2022-05-17T19:42:03.697;ERR=NO;FRAME=02-04-01-56-00-04-10-16;SLAVE=2
DATE=2022-05-17T19:42:03.719;ERR=NO;FRAME=02-04-08-43-24-e5-e3-42-96-88-31-8b-0d;SLAVE=2
DATE=2022-05-17T19:42:03.797;ERR=NO;FRAME=02-04-00-00-00-12-70-34;SLAVE=2
DATE=2022-05-17T19:42:03.856;ERR=NO;FRAME=02-04-24-43-74-97-cd-00-00-00-00-00-00-00-00-3f-ab-77-e1-00-00-00-00-00-00-00-00-43-5e-4f-0d-00-00-00-00-00-00-00-00-cb-91;SLAVE=2
DATE=2022-05-17T19:42:03.896;ERR=NO;FRAME=02-04-00-12-00-12-d0-31;SLAVE=2
DATE=2022-05-17T19:42:03.956;ERR=NO;FRAME=02-04-24-43-a3-d3-f0-00-00-00-00-00-00-00-00-c3-70-b3-85-00-00-00-00-00-00-00-00-3f-2d-b1-0e-00-00-00-00-00-00-00-00-e9-b0;SLAVE=2
DATE=2022-05-17T19:42:03.997;ERR=NO;FRAME=02-04-00-00-00-12-70-34;SLAVE=2
DATE=2022-05-17T19:42:04.055;ERR=NO;FRAME=02-04-24-43-74-97-cd-00-00-00-00-00-00-00-00-3f-ab-77-e1-00-00-00-00-00-00-00-00-43-5e-4f-0d-00-00-00-00-00-00-00-00-cb-91;SLAVE=2
DATE=2022-05-17T19:42:04.097;ERR=NO;FRAME=02-04-00-34-00-0c-b1-f2;SLAVE=2
DATE=2022-05-17T19:42:04.137;ERR=NO;FRAME=02-04-18-00-00-00-00-00-00-00-00-00-00-00-00-00-00-00-00-00-00-00-00-00-00-00-00-83-4c;SLAVE=2
DATE=2022-05-17T19:42:04.197;ERR=NO;FRAME=02-04-00-00-00-12-70-34;SLAVE=2
DATE=2022-05-17T19:42:04.255;ERR=NO;FRAME=02-04-24-43-74-97-cd-00-00-00-00-00-00-00-00-3f-ab-77-e1-00-00-00-00-00-00-00-00-43-5e-4f-0d-00-00-00-00-00-00-00-00-cb-91;SLAVE=2
DATE=2022-05-17T19:42:04.297;ERR=NO;FRAME=02-04-00-46-00-0c-11-e9;SLAVE=2
DATE=2022-05-17T19:42:04.338;ERR=NO;FRAME=02-04-18-42-48-00-00-43-04-2f-1b-42-02-db-23-40-ef-8d-50-42-87-8f-5c-00-00-00-00-80-40;SLAVE=2
DATE=2022-05-17T19:42:04.396;ERR=NO;FRAME=02-04-00-00-00-12-70-34;SLAVE=2
DATE=2022-05-17T19:42:04.455;ERR=NO;FRAME=02-04-24-43-74-97-cd-00-00-00-00-00-00-00-00-3f-ab-77-e1-00-00-00-00-00-00-00-00-43-5e-4f-0d-00-00-00-00-00-00-00-00-cb-91;SLAVE=2
DATE=2022-05-17T19:42:04.497;ERR=NO;FRAME=02-04-00-c8-00-06-f1-c5;SLAVE=2
DATE=2022-05-17T19:42:04.523;ERR=NO;FRAME=02-04-0c-00-00-00-00-00-00-00-00-00-00-00-00-d6-b6;SLAVE=2
DATE=2022-05-17T19:42:04.597;ERR=NO;FRAME=02-04-00-00-00-12-70-34;SLAVE=2
DATE=2022-05-17T19:42:04.655;ERR=NO;FRAME=02-04-24-43-74-97-cd-00-00-00-00-00-00-00-00-3f-ab-77-e1-00-00-00-00-00-00-00-00-43-5e-4f-0d-00-00-00-00-00-00-00-00-cb-91;SLAVE=2
DATE=2022-05-17T19:42:04.697;ERR=NO;FRAME=02-04-01-56-00-04-10-16;SLAVE=2
DATE=2022-05-17T19:42:04.719;ERR=NO;FRAME=02-04-08-43-24-e5-e3-42-96-88-31-8b-0d;SLAVE=2
DATE=2022-05-17T19:42:04.797;ERR=NO;FRAME=02-04-00-00-00-12-70-34;SLAVE=2
DATE=2022-05-17T19:42:04.854;ERR=NO;FRAME=02-04-24-43-74-97-cd-00-00-00-00-00-00-00-00-3f-ab-77-e1-00-00-00-00-00-00-00-00-43-5e-4f-0d-00-00-00-00-00-00-00-00-cb-91;SLAVE=2
DATE=2022-05-17T19:42:04.896;ERR=NO;FRAME=02-04-00-12-00-12-d0-31;SLAVE=2
DATE=2022-05-17T19:42:04.956;ERR=NO;FRAME=02-04-24-43-a4-e9-94-00-00-00-00-00-00-00-00-c3-6b-c4-18-00-00-00-00-00-00-00-00-3f-33-05-c3-00-00-00-00-00-00-00-00-d3-94;SLAVE=2
DATE=2022-05-17T19:42:04.997;ERR=NO;FRAME=02-04-00-00-00-12-70-34;SLAVE=2
DATE=2022-05-17T19:42:05.056;ERR=NO;FRAME=02-04-24-43-74-9e-1b-00-00-00-00-00-00-00-00-3f-ac-96-05-00-00-00-00-00-00-00-00-43-66-a6-0f-00-00-00-00-00-00-00-00-92-71;SLAVE=2
DATE=2022-05-17T19:42:05.097;ERR=NO;FRAME=02-04-00-34-00-0c-b1-f2;SLAVE=2
DATE=2022-05-17T19:42:05.136;ERR=NO;FRAME=02-04-18-00-00-00-00-00-00-00-00-00-00-00-00-00-00-00-00-00-00-00-00-00-00-00-00-83-4c;SLAVE=2
DATE=2022-05-17T19:42:05.197;ERR=NO;FRAME=02-04-00-00-00-12-70-34;SLAVE=2
DATE=2022-05-17T19:42:05.256;ERR=NO;FRAME=02-04-24-43-74-9e-1b-00-00-00-00-00-00-00-00-3f-ac-96-05-00-00-00-00-00-00-00-00-43-66-a6-0f-00-00-00-00-00-00-00-00-92-71;SLAVE=2
DATE=2022-05-17T19:42:05.296;ERR=NO;FRAME=02-04-00-46-00-0c-11-e9;SLAVE=2
DATE=2022-05-17T19:42:05.339;ERR=NO;FRAME=02-04-18-42-48-00-00-43-04-2f-1b-42-02-db-23-40-ef-8d-50-42-87-8f-5c-00-00-00-00-80-40;SLAVE=2
DATE=2022-05-17T19:42:05.397;ERR=NO;FRAME=02-04-00-00-00-12-70-34;SLAVE=2
DATE=2022-05-17T19:42:05.454;ERR=NO;FRAME=02-04-24-43-74-9e-1b-00-00-00-00-00-00-00-00-3f-ac-96-05-00-00-00-00-00-00-00-00-43-66-a6-0f-00-00-00-00-00-00-00-00-92-71;SLAVE=2
DATE=2022-05-17T19:42:05.496;ERR=NO;FRAME=02-04-00-c8-00-06-f1-c5;SLAVE=2
DATE=2022-05-17T19:42:05.522;ERR=NO;FRAME=02-04-0c-00-00-00-00-00-00-00-00-00-00-00-00-d6-b6;SLAVE=2
DATE=2022-05-17T19:42:05.597;ERR=NO;FRAME=02-04-00-00-00-12-70-34;SLAVE=2
DATE=2022-05-17T19:42:05.655;ERR=NO;FRAME=02-04-24-43-74-9e-1b-00-00-00-00-00-00-00-00-3f-ac-96-05-00-00-00-00-00-00-00-00-43-66-a6-0f-00-00-00-00-00-00-00-00-92-71;SLAVE=2
DATE=2022-05-17T19:42:05.697;ERR=NO;FRAME=02-04-01-56-00-04-10-16;SLAVE=2
DATE=2022-05-17T19:42:05.719;ERR=NO;FRAME=02-04-08-43-24-e5-e3-42-96-88-31-8b-0d;SLAVE=2
DATE=2022-05-17T19:42:05.797;ERR=NO;FRAME=02-04-00-00-00-12-70-34;SLAVE=2
DATE=2022-05-17T19:42:05.855;ERR=NO;FRAME=02-04-24-43-74-9e-1b-00-00-00-00-00-00-00-00-3f-ac-96-05-00-00-00-00-00-00-00-00-43-66-a6-0f-00-00-00-00-00-00-00-00-92-71;SLAVE=2
DATE=2022-05-17T19:42:05.897;ERR=NO;FRAME=02-04-00-12-00-12-d0-31;SLAVE=2
DATE=2022-05-17T19:42:05.956;ERR=NO;FRAME=02-04-24-43-a4-e9-94-00-00-00-00-00-00-00-00-c3-6b-c4-18-00-00-00-00-00-00-00-00-3f-33-05-c3-00-00-00-00-00-00-00-00-d3-94;SLAVE=2
DATE=2022-05-17T19:42:05.997;ERR=NO;FRAME=02-04-00-00-00-12-70-34;SLAVE=2
DATE=2022-05-17T19:42:06.056;ERR=NO;FRAME=02-04-24-43-74-9e-1b-00-00-00-00-00-00-00-00-3f-ac-96-05-00-00-00-00-00-00-00-00-43-66-a6-0f-00-00-00-00-00-00-00-00-92-71;SLAVE=2
DATE=2022-05-17T19:42:06.096;ERR=NO;FRAME=02-04-00-34-00-0c-b1-f2;SLAVE=2
DATE=2022-05-17T19:42:06.136;ERR=NO;FRAME=02-04-18-00-00-00-00-00-00-00-00-00-00-00-00-00-00-00-00-00-00-00-00-00-00-00-00-83-4c;SLAVE=2
DATE=2022-05-17T19:42:06.197;ERR=NO;FRAME=02-04-00-00-00-12-70-34;SLAVE=2
DATE=2022-05-17T19:42:06.255;ERR=NO;FRAME=02-04-24-43-74-97-f5-00-00-00-00-00-00-00-00-3f-af-01-f7-00-00-00-00-00-00-00-00-43-66-d0-ef-00-00-00-00-00-00-00-00-0e-dd;SLAVE=2
DATE=2022-05-17T19:42:06.296;ERR=NO;FRAME=02-04-00-46-00-0c-11-e9;SLAVE=2
DATE=2022-05-17T19:42:06.339;ERR=NO;FRAME=02-04-18-42-48-00-00-43-04-2f-1b-42-02-db-23-40-ef-8d-50-42-87-8f-df-00-00-00-00-c5-9e;SLAVE=2
DATE=2022-05-17T19:42:06.397;ERR=NO;FRAME=02-04-00-00-00-12-70-34;SLAVE=2
DATE=2022-05-17T19:42:06.456;ERR=NO;FRAME=02-04-24-43-74-97-f5-00-00-00-00-00-00-00-00-3f-af-01-f7-00-00-00-00-00-00-00-00-43-66-d0-ef-00-00-00-00-00-00-00-00-0e-dd;SLAVE=2
DATE=2022-05-17T19:42:06.496;ERR=NO;FRAME=02-04-00-c8-00-06-f1-c5;SLAVE=2
DATE=2022-05-17T19:42:06.522;ERR=NO;FRAME=02-04-0c-00-00-00-00-00-00-00-00-00-00-00-00-d6-b6;SLAVE=2
DATE=2022-05-17T19:42:06.597;ERR=NO;FRAME=02-04-00-00-00-12-70-34;SLAVE=2
DATE=2022-05-17T19:42:06.656;ERR=NO;FRAME=02-04-24-43-74-97-f5-00-00-00-00-00-00-00-00-3f-af-01-f7-00-00-00-00-00-00-00-00-43-66-d0-ef-00-00-00-00-00-00-00-00-0e-dd;SLAVE=2
DATE=2022-05-17T19:42:06.696;ERR=NO;FRAME=02-04-01-56-00-04-10-16;SLAVE=2
DATE=2022-05-17T19:42:06.719;ERR=NO;FRAME=02-04-08-43-24-e5-e3-42-96-88-b4-4a-ae;SLAVE=2
DATE=2022-05-17T19:42:06.796;ERR=NO;FRAME=02-04-00-00-00-12-70-34;SLAVE=2
DATE=2022-05-17T19:42:06.855;ERR=NO;FRAME=02-04-24-43-74-97-f5-00-00-00-00-00-00-00-00-3f-af-01-f7-00-00-00-00-00-00-00-00-43-66-d0-ef-00-00-00-00-00-00-00-00-0e-dd;SLAVE=2
DATE=2022-05-17T19:42:06.897;ERR=NO;FRAME=02-04-00-12-00-12-d0-31;SLAVE=2
DATE=2022-05-17T19:42:06.957;ERR=NO;FRAME=02-04-24-43-a7-35-c2-00-00-00-00-00-00-00-00-c3-71-fe-36-00-00-00-00-00-00-00-00-3f-30-b0-d9-00-00-00-00-00-00-00-00-6c-50;SLAVE=2
DATE=2022-05-17T19:42:06.996;ERR=NO;FRAME=02-04-00-00-00-12-70-34;SLAVE=2
DATE=2022-05-17T19:42:07.055;ERR=NO;FRAME=02-04-24-43-74-97-f5-00-00-00-00-00-00-00-00-3f-af-01-f7-00-00-00-00-00-00-00-00-43-66-d0-ef-00-00-00-00-00-00-00-00-0e-dd;SLAVE=2
DATE=2022-05-17T19:42:07.097;ERR=NO;FRAME=02-04-00-34-00-0c-b1-f2;SLAVE=2
DATE=2022-05-17T19:42:07.137;ERR=NO;FRAME=02-04-18-00-00-00-00-00-00-00-00-00-00-00-00-00-00-00-00-00-00-00-00-00-00-00-00-83-4c;SLAVE=2
DATE=2022-05-17T19:42:07.197;ERR=NO;FRAME=02-04-00-00-00-12-70-34;SLAVE=2
DATE=2022-05-17T19:42:07.255;ERR=NO;FRAME=02-04-24-43-74-97-f5-00-00-00-00-00-00-00-00-3f-af-01-f7-00-00-00-00-00-00-00-00-43-66-d0-ef-00-00-00-00-00-00-00-00-0e-dd;SLAVE=2
DATE=2022-05-17T19:42:07.297;ERR=NO;FRAME=02-04-00-46-00-0c-11-e9;SLAVE=2